Files already downloaded and verified
Files already downloaded and verified
Using cache found in /home/xi/.cache/torch/hub/facebookresearch_dino_main
/home/xi/miniconda3/envs/torch_env/lib/python3.10/site-packages/torch/cuda/__init__.py:716: UserWarning: Can't initialize NVML
  warnings.warn("Can't initialize NVML")

>> Running: Nc=1, J=4
Round [001/200] | LR: 0.01000 | Tr Loss: 3.4411 | Te Loss: 11.4016 | Te Acc: 1.84% | Best: 1.84%
Round [002/200] | LR: 0.01000 | Tr Loss: 5.6064 | Te Loss: 11.8742 | Te Acc: 2.45% | Best: 2.45%
Round [003/200] | LR: 0.01000 | Tr Loss: 6.7388 | Te Loss: 16.6850 | Te Acc: 1.87% | Best: 2.45%
Round [004/200] | LR: 0.01000 | Tr Loss: 8.9723 | Te Loss: 16.0483 | Te Acc: 1.46% | Best: 2.45%
Round [005/200] | LR: 0.01000 | Tr Loss: 8.3776 | Te Loss: 16.3243 | Te Acc: 2.44% | Best: 2.45%
Round [006/200] | LR: 0.01000 | Tr Loss: 8.6808 | Te Loss: 14.7158 | Te Acc: 2.55% | Best: 2.55%
Round [007/200] | LR: 0.01000 | Tr Loss: 7.9656 | Te Loss: 15.4543 | Te Acc: 2.92% | Best: 2.92%
Round [008/200] | LR: 0.01000 | Tr Loss: 8.7065 | Te Loss: 16.6867 | Te Acc: 2.80% | Best: 2.92%
Round [009/200] | LR: 0.01000 | Tr Loss: 8.6954 | Te Loss: 16.3530 | Te Acc: 3.26% | Best: 3.26%
Round [010/200] | LR: 0.01000 | Tr Loss: 8.4609 | Te Loss: 16.0212 | Te Acc: 4.63% | Best: 4.63%
Round [011/200] | LR: 0.01000 | Tr Loss: 11.5920 | Te Loss: 16.7545 | Te Acc: 3.26% | Best: 4.63%
Round [012/200] | LR: 0.01000 | Tr Loss: 13.4519 | Te Loss: 18.0687 | Te Acc: 3.23% | Best: 4.63%
Round [013/200] | LR: 0.01000 | Tr Loss: 13.4395 | Te Loss: 18.0428 | Te Acc: 2.74% | Best: 4.63%
Round [014/200] | LR: 0.01000 | Tr Loss: 9.0470 | Te Loss: 16.5859 | Te Acc: 2.78% | Best: 4.63%
Round [015/200] | LR: 0.01000 | Tr Loss: 7.5973 | Te Loss: 15.7936 | Te Acc: 3.10% | Best: 4.63%
Round [016/200] | LR: 0.01000 | Tr Loss: 19.2396 | Te Loss: 15.4881 | Te Acc: 4.96% | Best: 4.96%
Round [017/200] | LR: 0.01000 | Tr Loss: 12.0152 | Te Loss: 16.4162 | Te Acc: 3.47% | Best: 4.96%
Round [018/200] | LR: 0.01000 | Tr Loss: 8.8611 | Te Loss: 17.1043 | Te Acc: 4.07% | Best: 4.96%
Round [019/200] | LR: 0.01000 | Tr Loss: 9.2009 | Te Loss: 17.2893 | Te Acc: 5.14% | Best: 5.14%
Round [020/200] | LR: 0.01000 | Tr Loss: 6.9680 | Te Loss: 17.0955 | Te Acc: 5.02% | Best: 5.14%
Round [021/200] | LR: 0.01000 | Tr Loss: 7.8785 | Te Loss: 16.1996 | Te Acc: 6.52% | Best: 6.52%
Round [022/200] | LR: 0.01000 | Tr Loss: 15.8103 | Te Loss: 16.4345 | Te Acc: 4.52% | Best: 6.52%
Round [023/200] | LR: 0.01000 | Tr Loss: 11.5295 | Te Loss: 15.8260 | Te Acc: 6.36% | Best: 6.52%
Round [024/200] | LR: 0.01000 | Tr Loss: 13.5681 | Te Loss: 16.7303 | Te Acc: 4.72% | Best: 6.52%
Round [025/200] | LR: 0.01000 | Tr Loss: 8.2802 | Te Loss: 17.0801 | Te Acc: 3.78% | Best: 6.52%
Round [026/200] | LR: 0.01000 | Tr Loss: 11.1453 | Te Loss: 15.9969 | Te Acc: 7.62% | Best: 7.62%
Round [027/200] | LR: 0.01000 | Tr Loss: 10.3038 | Te Loss: 18.1742 | Te Acc: 4.44% | Best: 7.62%
Round [028/200] | LR: 0.01000 | Tr Loss: 9.1160 | Te Loss: 18.9250 | Te Acc: 5.09% | Best: 7.62%
Round [029/200] | LR: 0.01000 | Tr Loss: 11.0587 | Te Loss: 15.9927 | Te Acc: 8.85% | Best: 8.85%
Round [030/200] | LR: 0.01000 | Tr Loss: 12.1658 | Te Loss: 14.6707 | Te Acc: 8.66% | Best: 8.85%
Round [031/200] | LR: 0.01000 | Tr Loss: 10.4616 | Te Loss: 15.1944 | Te Acc: 7.46% | Best: 8.85%
Round [032/200] | LR: 0.01000 | Tr Loss: 10.3368 | Te Loss: 16.1011 | Te Acc: 7.57% | Best: 8.85%
Round [033/200] | LR: 0.01000 | Tr Loss: 9.0637 | Te Loss: 15.1942 | Te Acc: 7.80% | Best: 8.85%
Round [034/200] | LR: 0.01000 | Tr Loss: 8.7203 | Te Loss: 16.3523 | Te Acc: 7.53% | Best: 8.85%
Round [035/200] | LR: 0.01000 | Tr Loss: 9.5651 | Te Loss: 16.7213 | Te Acc: 7.94% | Best: 8.85%
Round [036/200] | LR: 0.01000 | Tr Loss: 13.8663 | Te Loss: 15.1956 | Te Acc: 11.38% | Best: 11.38%
Round [037/200] | LR: 0.01000 | Tr Loss: 13.7230 | Te Loss: 14.6460 | Te Acc: 9.70% | Best: 11.38%
Round [038/200] | LR: 0.01000 | Tr Loss: 12.2153 | Te Loss: 13.9501 | Te Acc: 11.76% | Best: 11.76%
Round [039/200] | LR: 0.01000 | Tr Loss: 8.2926 | Te Loss: 13.6524 | Te Acc: 13.82% | Best: 13.82%
Round [040/200] | LR: 0.01000 | Tr Loss: 7.8893 | Te Loss: 13.8872 | Te Acc: 11.52% | Best: 13.82%
Round [041/200] | LR: 0.01000 | Tr Loss: 10.1869 | Te Loss: 15.4052 | Te Acc: 10.44% | Best: 13.82%
Round [042/200] | LR: 0.01000 | Tr Loss: 13.6370 | Te Loss: 13.0790 | Te Acc: 15.84% | Best: 15.84%
Round [043/200] | LR: 0.01000 | Tr Loss: 8.3883 | Te Loss: 13.8815 | Te Acc: 13.19% | Best: 15.84%
Round [044/200] | LR: 0.01000 | Tr Loss: 7.0934 | Te Loss: 14.2867 | Te Acc: 13.92% | Best: 15.84%
Round [045/200] | LR: 0.01000 | Tr Loss: 11.7105 | Te Loss: 14.6971 | Te Acc: 12.32% | Best: 15.84%
Round [046/200] | LR: 0.01000 | Tr Loss: 8.5955 | Te Loss: 15.5218 | Te Acc: 11.78% | Best: 15.84%
Round [047/200] | LR: 0.01000 | Tr Loss: 7.8225 | Te Loss: 14.0486 | Te Acc: 15.69% | Best: 15.84%
Round [048/200] | LR: 0.01000 | Tr Loss: 7.1425 | Te Loss: 14.6531 | Te Acc: 16.32% | Best: 16.32%
Round [049/200] | LR: 0.01000 | Tr Loss: 11.1692 | Te Loss: 14.4287 | Te Acc: 15.32% | Best: 16.32%
Round [050/200] | LR: 0.01000 | Tr Loss: 10.7321 | Te Loss: 14.1012 | Te Acc: 16.97% | Best: 16.97%

>>> Round 51: Unfreezing the backbone for fine-tuning! <<<
Round [051/200] | LR: 0.00010 | Tr Loss: 8.9489 | Te Loss: 31.8251 | Te Acc: 1.02% | Best: 16.97%
Round [052/200] | LR: 0.00010 | Tr Loss: 9.2026 | Te Loss: 10.8743 | Te Acc: 0.83% | Best: 16.97%
Round [053/200] | LR: 0.00010 | Tr Loss: 3.4320 | Te Loss: 10.6516 | Te Acc: 0.88% | Best: 16.97%
Round [054/200] | LR: 0.00010 | Tr Loss: 4.0329 | Te Loss: 13.0003 | Te Acc: 0.96% | Best: 16.97%
Round [055/200] | LR: 0.00010 | Tr Loss: 4.8418 | Te Loss: 7.7233 | Te Acc: 0.98% | Best: 16.97%
Round [056/200] | LR: 0.00010 | Tr Loss: 3.7849 | Te Loss: 8.1040 | Te Acc: 1.01% | Best: 16.97%
Round [057/200] | LR: 0.00010 | Tr Loss: 3.5039 | Te Loss: 11.5102 | Te Acc: 0.91% | Best: 16.97%
Round [058/200] | LR: 0.00010 | Tr Loss: 3.3686 | Te Loss: 9.3341 | Te Acc: 1.01% | Best: 16.97%
Round [059/200] | LR: 0.00010 | Tr Loss: 4.2585 | Te Loss: 6.1268 | Te Acc: 1.59% | Best: 16.97%
Round [060/200] | LR: 0.00010 | Tr Loss: 2.1858 | Te Loss: 6.0834 | Te Acc: 1.80% | Best: 16.97%
Round [061/200] | LR: 0.00010 | Tr Loss: 2.9823 | Te Loss: 6.3936 | Te Acc: 1.49% | Best: 16.97%
Round [062/200] | LR: 0.00010 | Tr Loss: 2.4887 | Te Loss: 5.5891 | Te Acc: 1.22% | Best: 16.97%
Round [063/200] | LR: 0.00010 | Tr Loss: 2.1145 | Te Loss: 5.6691 | Te Acc: 1.09% | Best: 16.97%
Round [064/200] | LR: 0.00010 | Tr Loss: 2.3037 | Te Loss: 5.4986 | Te Acc: 1.31% | Best: 16.97%
Round [065/200] | LR: 0.00010 | Tr Loss: 2.3784 | Te Loss: 5.4633 | Te Acc: 1.16% | Best: 16.97%
Round [066/200] | LR: 0.00010 | Tr Loss: 2.1432 | Te Loss: 5.6418 | Te Acc: 1.54% | Best: 16.97%
Round [067/200] | LR: 0.00010 | Tr Loss: 2.4175 | Te Loss: 5.6644 | Te Acc: 1.71% | Best: 16.97%
Round [068/200] | LR: 0.00010 | Tr Loss: 2.2983 | Te Loss: 5.8357 | Te Acc: 1.08% | Best: 16.97%
Round [069/200] | LR: 0.00010 | Tr Loss: 1.9328 | Te Loss: 6.4926 | Te Acc: 1.51% | Best: 16.97%
Round [070/200] | LR: 0.00010 | Tr Loss: 2.3667 | Te Loss: 5.3628 | Te Acc: 1.43% | Best: 16.97%
Round [071/200] | LR: 0.00010 | Tr Loss: 1.9392 | Te Loss: 5.4091 | Te Acc: 1.19% | Best: 16.97%
Round [072/200] | LR: 0.00010 | Tr Loss: 1.7827 | Te Loss: 5.5530 | Te Acc: 1.61% | Best: 16.97%
Round [073/200] | LR: 0.00010 | Tr Loss: 2.5688 | Te Loss: 5.6724 | Te Acc: 1.96% | Best: 16.97%
Round [074/200] | LR: 0.00010 | Tr Loss: 2.2923 | Te Loss: 5.2864 | Te Acc: 1.66% | Best: 16.97%
Round [075/200] | LR: 0.00010 | Tr Loss: 2.2422 | Te Loss: 6.9469 | Te Acc: 1.14% | Best: 16.97%
Round [076/200] | LR: 0.00010 | Tr Loss: 2.1826 | Te Loss: 5.9392 | Te Acc: 1.44% | Best: 16.97%
Round [077/200] | LR: 0.00010 | Tr Loss: 2.3015 | Te Loss: 5.4691 | Te Acc: 1.37% | Best: 16.97%
Round [078/200] | LR: 0.00010 | Tr Loss: 2.3107 | Te Loss: 5.5665 | Te Acc: 1.58% | Best: 16.97%
Round [079/200] | LR: 0.00010 | Tr Loss: 2.0514 | Te Loss: 5.9795 | Te Acc: 1.87% | Best: 16.97%
Round [080/200] | LR: 0.00010 | Tr Loss: 2.2415 | Te Loss: 5.5222 | Te Acc: 1.45% | Best: 16.97%
Round [081/200] | LR: 0.00010 | Tr Loss: 2.1777 | Te Loss: 5.1010 | Te Acc: 1.58% | Best: 16.97%
Round [082/200] | LR: 0.00010 | Tr Loss: 1.9282 | Te Loss: 5.1668 | Te Acc: 1.36% | Best: 16.97%
Round [083/200] | LR: 0.00010 | Tr Loss: 2.0939 | Te Loss: 5.3340 | Te Acc: 1.15% | Best: 16.97%
Round [084/200] | LR: 0.00010 | Tr Loss: 2.2375 | Te Loss: 5.0450 | Te Acc: 1.90% | Best: 16.97%
Round [085/200] | LR: 0.00010 | Tr Loss: 1.8821 | Te Loss: 5.2765 | Te Acc: 1.76% | Best: 16.97%
Round [086/200] | LR: 0.00010 | Tr Loss: 1.7377 | Te Loss: 5.3086 | Te Acc: 1.77% | Best: 16.97%
Round [087/200] | LR: 0.00010 | Tr Loss: 1.9132 | Te Loss: 5.1979 | Te Acc: 2.18% | Best: 16.97%
Round [088/200] | LR: 0.00010 | Tr Loss: 2.1149 | Te Loss: 6.5519 | Te Acc: 1.43% | Best: 16.97%
Round [089/200] | LR: 0.00010 | Tr Loss: 2.6110 | Te Loss: 7.3352 | Te Acc: 1.10% | Best: 16.97%
Round [090/200] | LR: 0.00010 | Tr Loss: 2.5343 | Te Loss: 6.6363 | Te Acc: 1.64% | Best: 16.97%
Round [091/200] | LR: 0.00010 | Tr Loss: 2.4680 | Te Loss: 5.0510 | Te Acc: 1.66% | Best: 16.97%
Round [092/200] | LR: 0.00010 | Tr Loss: 1.9217 | Te Loss: 5.6404 | Te Acc: 1.77% | Best: 16.97%
Round [093/200] | LR: 0.00010 | Tr Loss: 2.1288 | Te Loss: 5.1777 | Te Acc: 2.11% | Best: 16.97%
Round [094/200] | LR: 0.00010 | Tr Loss: 2.0969 | Te Loss: 5.5962 | Te Acc: 3.15% | Best: 16.97%
Round [095/200] | LR: 0.00010 | Tr Loss: 1.9657 | Te Loss: 5.2574 | Te Acc: 2.02% | Best: 16.97%
Round [096/200] | LR: 0.00010 | Tr Loss: 1.9477 | Te Loss: 5.2749 | Te Acc: 1.47% | Best: 16.97%
Round [097/200] | LR: 0.00010 | Tr Loss: 2.2785 | Te Loss: 7.8153 | Te Acc: 1.03% | Best: 16.97%
Round [098/200] | LR: 0.00010 | Tr Loss: 3.3402 | Te Loss: 8.4468 | Te Acc: 1.51% | Best: 16.97%
Round [099/200] | LR: 0.00010 | Tr Loss: 3.8527 | Te Loss: 5.5612 | Te Acc: 1.52% | Best: 16.97%
Round [100/200] | LR: 0.00010 | Tr Loss: 2.1976 | Te Loss: 5.9961 | Te Acc: 1.20% | Best: 16.97%
Round [101/200] | LR: 0.00010 | Tr Loss: 2.1671 | Te Loss: 5.3736 | Te Acc: 1.76% | Best: 16.97%
Round [102/200] | LR: 0.00010 | Tr Loss: 2.3643 | Te Loss: 5.7675 | Te Acc: 1.72% | Best: 16.97%
Round [103/200] | LR: 0.00010 | Tr Loss: 1.8598 | Te Loss: 5.6455 | Te Acc: 1.53% | Best: 16.97%
Round [104/200] | LR: 0.00010 | Tr Loss: 2.1128 | Te Loss: 5.2369 | Te Acc: 1.85% | Best: 16.97%
Round [105/200] | LR: 0.00010 | Tr Loss: 2.2925 | Te Loss: 5.0097 | Te Acc: 2.23% | Best: 16.97%
Round [106/200] | LR: 0.00010 | Tr Loss: 2.3968 | Te Loss: 4.8797 | Te Acc: 2.32% | Best: 16.97%
Round [107/200] | LR: 0.00010 | Tr Loss: 1.9427 | Te Loss: 5.1363 | Te Acc: 1.44% | Best: 16.97%
Round [108/200] | LR: 0.00010 | Tr Loss: 2.0635 | Te Loss: 4.9872 | Te Acc: 1.83% | Best: 16.97%
Round [109/200] | LR: 0.00010 | Tr Loss: 2.2602 | Te Loss: 5.4329 | Te Acc: 1.13% | Best: 16.97%
Round [110/200] | LR: 0.00010 | Tr Loss: 2.0248 | Te Loss: 5.5445 | Te Acc: 1.22% | Best: 16.97%
Round [111/200] | LR: 0.00010 | Tr Loss: 2.1479 | Te Loss: 5.3239 | Te Acc: 2.42% | Best: 16.97%
Round [112/200] | LR: 0.00010 | Tr Loss: 2.1506 | Te Loss: 5.1779 | Te Acc: 1.50% | Best: 16.97%
Round [113/200] | LR: 0.00010 | Tr Loss: 2.1059 | Te Loss: 5.2277 | Te Acc: 1.73% | Best: 16.97%
Round [114/200] | LR: 0.00010 | Tr Loss: 2.0829 | Te Loss: 8.0862 | Te Acc: 1.04% | Best: 16.97%
Round [115/200] | LR: 0.00010 | Tr Loss: 2.9295 | Te Loss: 7.1397 | Te Acc: 1.95% | Best: 16.97%
Round [116/200] | LR: 0.00010 | Tr Loss: 3.8352 | Te Loss: 6.4520 | Te Acc: 1.39% | Best: 16.97%
Round [117/200] | LR: 0.00010 | Tr Loss: 2.3216 | Te Loss: 5.5791 | Te Acc: 1.76% | Best: 16.97%
Round [118/200] | LR: 0.00010 | Tr Loss: 2.3370 | Te Loss: 5.0683 | Te Acc: 2.11% | Best: 16.97%
Round [119/200] | LR: 0.00010 | Tr Loss: 2.2566 | Te Loss: 4.9473 | Te Acc: 1.86% | Best: 16.97%
Round [120/200] | LR: 0.00010 | Tr Loss: 2.2276 | Te Loss: 4.9605 | Te Acc: 1.90% | Best: 16.97%
Round [121/200] | LR: 0.00001 | Tr Loss: 4.4928 | Te Loss: 4.9166 | Te Acc: 1.93% | Best: 16.97%
Round [122/200] | LR: 0.00001 | Tr Loss: 4.1281 | Te Loss: 4.9410 | Te Acc: 2.09% | Best: 16.97%
Round [123/200] | LR: 0.00001 | Tr Loss: 4.1972 | Te Loss: 4.9014 | Te Acc: 2.22% | Best: 16.97%
Round [124/200] | LR: 0.00001 | Tr Loss: 4.2347 | Te Loss: 4.8791 | Te Acc: 2.58% | Best: 16.97%
Round [125/200] | LR: 0.00001 | Tr Loss: 4.4069 | Te Loss: 4.8152 | Te Acc: 2.94% | Best: 16.97%
Round [126/200] | LR: 0.00001 | Tr Loss: 3.9969 | Te Loss: 4.8031 | Te Acc: 3.04% | Best: 16.97%
Round [127/200] | LR: 0.00001 | Tr Loss: 4.5127 | Te Loss: 4.7628 | Te Acc: 3.31% | Best: 16.97%
Round [128/200] | LR: 0.00001 | Tr Loss: 4.1063 | Te Loss: 4.7601 | Te Acc: 3.30% | Best: 16.97%
Round [129/200] | LR: 0.00001 | Tr Loss: 4.4491 | Te Loss: 4.7691 | Te Acc: 3.32% | Best: 16.97%
Round [130/200] | LR: 0.00001 | Tr Loss: 4.2601 | Te Loss: 4.7406 | Te Acc: 3.04% | Best: 16.97%
Round [131/200] | LR: 0.00001 | Tr Loss: 4.4109 | Te Loss: 4.7343 | Te Acc: 2.81% | Best: 16.97%
Round [132/200] | LR: 0.00001 | Tr Loss: 4.0608 | Te Loss: 4.7292 | Te Acc: 2.96% | Best: 16.97%
Round [133/200] | LR: 0.00001 | Tr Loss: 3.9860 | Te Loss: 4.7121 | Te Acc: 3.13% | Best: 16.97%
Round [134/200] | LR: 0.00001 | Tr Loss: 4.2398 | Te Loss: 4.7477 | Te Acc: 3.20% | Best: 16.97%
Round [135/200] | LR: 0.00001 | Tr Loss: 4.4800 | Te Loss: 4.6816 | Te Acc: 3.52% | Best: 16.97%
Round [136/200] | LR: 0.00001 | Tr Loss: 4.2914 | Te Loss: 4.6792 | Te Acc: 3.19% | Best: 16.97%
Round [137/200] | LR: 0.00001 | Tr Loss: 3.7968 | Te Loss: 4.6922 | Te Acc: 3.27% | Best: 16.97%
Round [138/200] | LR: 0.00001 | Tr Loss: 4.1218 | Te Loss: 4.6511 | Te Acc: 3.22% | Best: 16.97%
Round [139/200] | LR: 0.00001 | Tr Loss: 4.2448 | Te Loss: 4.6316 | Te Acc: 3.07% | Best: 16.97%
Round [140/200] | LR: 0.00001 | Tr Loss: 4.1643 | Te Loss: 4.6237 | Te Acc: 3.13% | Best: 16.97%
Round [141/200] | LR: 0.00001 | Tr Loss: 4.2249 | Te Loss: 4.6089 | Te Acc: 3.18% | Best: 16.97%
Round [142/200] | LR: 0.00001 | Tr Loss: 4.1008 | Te Loss: 4.6206 | Te Acc: 3.26% | Best: 16.97%
Round [143/200] | LR: 0.00001 | Tr Loss: 4.1299 | Te Loss: 4.6109 | Te Acc: 2.98% | Best: 16.97%
Round [144/200] | LR: 0.00001 | Tr Loss: 4.1642 | Te Loss: 4.5880 | Te Acc: 3.03% | Best: 16.97%
Round [145/200] | LR: 0.00001 | Tr Loss: 4.1373 | Te Loss: 4.5880 | Te Acc: 3.00% | Best: 16.97%
Round [146/200] | LR: 0.00001 | Tr Loss: 4.0401 | Te Loss: 4.5989 | Te Acc: 3.25% | Best: 16.97%
Round [147/200] | LR: 0.00001 | Tr Loss: 4.2306 | Te Loss: 4.6176 | Te Acc: 2.76% | Best: 16.97%
Round [148/200] | LR: 0.00001 | Tr Loss: 3.9855 | Te Loss: 4.5966 | Te Acc: 2.73% | Best: 16.97%
Round [149/200] | LR: 0.00001 | Tr Loss: 3.7612 | Te Loss: 4.6047 | Te Acc: 2.96% | Best: 16.97%
Round [150/200] | LR: 0.00001 | Tr Loss: 4.0352 | Te Loss: 4.6484 | Te Acc: 2.83% | Best: 16.97%
Round [151/200] | LR: 0.00001 | Tr Loss: 4.2724 | Te Loss: 4.5891 | Te Acc: 3.02% | Best: 16.97%
Round [152/200] | LR: 0.00001 | Tr Loss: 4.0819 | Te Loss: 4.6114 | Te Acc: 3.61% | Best: 16.97%
Round [153/200] | LR: 0.00001 | Tr Loss: 4.1704 | Te Loss: 4.6310 | Te Acc: 3.89% | Best: 16.97%
Round [154/200] | LR: 0.00001 | Tr Loss: 3.9953 | Te Loss: 4.6140 | Te Acc: 3.31% | Best: 16.97%
Round [155/200] | LR: 0.00001 | Tr Loss: 3.9492 | Te Loss: 4.6372 | Te Acc: 3.49% | Best: 16.97%
Round [156/200] | LR: 0.00001 | Tr Loss: 4.0571 | Te Loss: 4.7123 | Te Acc: 3.11% | Best: 16.97%
Round [157/200] | LR: 0.00001 | Tr Loss: 4.1039 | Te Loss: 4.6608 | Te Acc: 3.07% | Best: 16.97%
Round [158/200] | LR: 0.00001 | Tr Loss: 4.0878 | Te Loss: 4.6616 | Te Acc: 3.02% | Best: 16.97%
Round [159/200] | LR: 0.00001 | Tr Loss: 3.9642 | Te Loss: 4.6314 | Te Acc: 3.53% | Best: 16.97%
Round [160/200] | LR: 0.00001 | Tr Loss: 3.9745 | Te Loss: 4.6681 | Te Acc: 3.41% | Best: 16.97%
Round [161/200] | LR: 0.00000 | Tr Loss: 4.2762 | Te Loss: 4.6699 | Te Acc: 3.43% | Best: 16.97%
Round [162/200] | LR: 0.00000 | Tr Loss: 4.8521 | Te Loss: 4.6589 | Te Acc: 3.51% | Best: 16.97%
Round [163/200] | LR: 0.00000 | Tr Loss: 4.6728 | Te Loss: 4.6563 | Te Acc: 3.45% | Best: 16.97%
Round [164/200] | LR: 0.00000 | Tr Loss: 4.5229 | Te Loss: 4.6539 | Te Acc: 3.58% | Best: 16.97%
Round [165/200] | LR: 0.00000 | Tr Loss: 4.9691 | Te Loss: 4.6468 | Te Acc: 3.55% | Best: 16.97%
Round [166/200] | LR: 0.00000 | Tr Loss: 5.0284 | Te Loss: 4.6447 | Te Acc: 3.54% | Best: 16.97%
Round [167/200] | LR: 0.00000 | Tr Loss: 5.0155 | Te Loss: 4.6379 | Te Acc: 3.55% | Best: 16.97%
Round [168/200] | LR: 0.00000 | Tr Loss: 4.8603 | Te Loss: 4.6340 | Te Acc: 3.65% | Best: 16.97%
Round [169/200] | LR: 0.00000 | Tr Loss: 5.1439 | Te Loss: 4.6290 | Te Acc: 3.66% | Best: 16.97%
Round [170/200] | LR: 0.00000 | Tr Loss: 4.8829 | Te Loss: 4.6265 | Te Acc: 3.69% | Best: 16.97%
Round [171/200] | LR: 0.00000 | Tr Loss: 4.8017 | Te Loss: 4.6228 | Te Acc: 3.71% | Best: 16.97%
Round [172/200] | LR: 0.00000 | Tr Loss: 5.0500 | Te Loss: 4.6188 | Te Acc: 3.70% | Best: 16.97%
Round [173/200] | LR: 0.00000 | Tr Loss: 5.0938 | Te Loss: 4.6144 | Te Acc: 3.77% | Best: 16.97%
Round [174/200] | LR: 0.00000 | Tr Loss: 4.7575 | Te Loss: 4.6129 | Te Acc: 3.71% | Best: 16.97%
Round [175/200] | LR: 0.00000 | Tr Loss: 4.8236 | Te Loss: 4.6069 | Te Acc: 3.72% | Best: 16.97%
Round [176/200] | LR: 0.00000 | Tr Loss: 4.9687 | Te Loss: 4.6041 | Te Acc: 3.77% | Best: 16.97%
Round [177/200] | LR: 0.00000 | Tr Loss: 4.9310 | Te Loss: 4.5954 | Te Acc: 3.73% | Best: 16.97%
Round [178/200] | LR: 0.00000 | Tr Loss: 5.0521 | Te Loss: 4.5949 | Te Acc: 3.70% | Best: 16.97%
Round [179/200] | LR: 0.00000 | Tr Loss: 4.5724 | Te Loss: 4.5956 | Te Acc: 3.63% | Best: 16.97%
Round [180/200] | LR: 0.00000 | Tr Loss: 5.1460 | Te Loss: 4.5892 | Te Acc: 3.74% | Best: 16.97%
Round [181/200] | LR: 0.00000 | Tr Loss: 5.2063 | Te Loss: 4.5842 | Te Acc: 3.76% | Best: 16.97%
Round [182/200] | LR: 0.00000 | Tr Loss: 5.2863 | Te Loss: 4.5771 | Te Acc: 3.74% | Best: 16.97%
Round [183/200] | LR: 0.00000 | Tr Loss: 4.8165 | Te Loss: 4.5791 | Te Acc: 3.77% | Best: 16.97%
Round [184/200] | LR: 0.00000 | Tr Loss: 4.6044 | Te Loss: 4.5774 | Te Acc: 3.80% | Best: 16.97%
Round [185/200] | LR: 0.00000 | Tr Loss: 4.8936 | Te Loss: 4.5737 | Te Acc: 3.83% | Best: 16.97%
Round [186/200] | LR: 0.00000 | Tr Loss: 4.8459 | Te Loss: 4.5732 | Te Acc: 3.75% | Best: 16.97%
Round [187/200] | LR: 0.00000 | Tr Loss: 4.8563 | Te Loss: 4.5728 | Te Acc: 3.81% | Best: 16.97%
Round [188/200] | LR: 0.00000 | Tr Loss: 4.9006 | Te Loss: 4.5768 | Te Acc: 3.77% | Best: 16.97%
Round [189/200] | LR: 0.00000 | Tr Loss: 4.5066 | Te Loss: 4.5786 | Te Acc: 3.73% | Best: 16.97%
Round [190/200] | LR: 0.00000 | Tr Loss: 4.6579 | Te Loss: 4.5754 | Te Acc: 3.78% | Best: 16.97%
Round [191/200] | LR: 0.00000 | Tr Loss: 4.9548 | Te Loss: 4.5714 | Te Acc: 3.75% | Best: 16.97%
Round [192/200] | LR: 0.00000 | Tr Loss: 4.8057 | Te Loss: 4.5635 | Te Acc: 3.80% | Best: 16.97%
Round [193/200] | LR: 0.00000 | Tr Loss: 4.7299 | Te Loss: 4.5640 | Te Acc: 3.87% | Best: 16.97%
Round [194/200] | LR: 0.00000 | Tr Loss: 4.6236 | Te Loss: 4.5659 | Te Acc: 3.82% | Best: 16.97%
Round [195/200] | LR: 0.00000 | Tr Loss: 4.5189 | Te Loss: 4.5659 | Te Acc: 3.82% | Best: 16.97%
Round [196/200] | LR: 0.00000 | Tr Loss: 4.5123 | Te Loss: 4.5660 | Te Acc: 3.84% | Best: 16.97%
Round [197/200] | LR: 0.00000 | Tr Loss: 4.9132 | Te Loss: 4.5634 | Te Acc: 3.84% | Best: 16.97%
Round [198/200] | LR: 0.00000 | Tr Loss: 4.7592 | Te Loss: 4.5628 | Te Acc: 3.91% | Best: 16.97%
Round [199/200] | LR: 0.00000 | Tr Loss: 4.7793 | Te Loss: 4.5588 | Te Acc: 3.91% | Best: 16.97%
Round [200/200] | LR: 0.00000 | Tr Loss: 4.6996 | Te Loss: 4.5598 | Te Acc: 3.92% | Best: 16.97%
