Files already downloaded and verified
Files already downloaded and verified
Using cache found in /home/xi/.cache/torch/hub/facebookresearch_dino_main
/home/xi/miniconda3/envs/torch_env/lib/python3.10/site-packages/torch/cuda/__init__.py:716: UserWarning: Can't initialize NVML
  warnings.warn("Can't initialize NVML")

>> Running: Nc=50, J=8
Round [001/100] | LR: 0.01000 | Tr Loss: 6.1964 | Te Loss: 6.6497 | Te Acc: 4.76% | Best: 4.76%
Round [002/100] | LR: 0.01000 | Tr Loss: 6.3091 | Te Loss: 5.5704 | Te Acc: 9.84% | Best: 9.84%
Round [003/100] | LR: 0.01000 | Tr Loss: 5.5609 | Te Loss: 5.2267 | Te Acc: 15.71% | Best: 15.71%
Round [004/100] | LR: 0.01000 | Tr Loss: 5.3301 | Te Loss: 4.8423 | Te Acc: 21.74% | Best: 21.74%
Round [005/100] | LR: 0.01000 | Tr Loss: 4.9761 | Te Loss: 4.2497 | Te Acc: 25.48% | Best: 25.48%
Round [006/100] | LR: 0.01000 | Tr Loss: 4.7940 | Te Loss: 4.1253 | Te Acc: 26.98% | Best: 26.98%
Round [007/100] | LR: 0.01000 | Tr Loss: 4.0794 | Te Loss: 3.7250 | Te Acc: 32.00% | Best: 32.00%
Round [008/100] | LR: 0.01000 | Tr Loss: 3.4537 | Te Loss: 3.4607 | Te Acc: 36.00% | Best: 36.00%
Round [009/100] | LR: 0.01000 | Tr Loss: 3.2489 | Te Loss: 3.5777 | Te Acc: 35.25% | Best: 36.00%
Round [010/100] | LR: 0.01000 | Tr Loss: 3.0531 | Te Loss: 3.1661 | Te Acc: 40.94% | Best: 40.94%
Round [011/100] | LR: 0.01000 | Tr Loss: 2.7640 | Te Loss: 3.1472 | Te Acc: 41.07% | Best: 41.07%
Round [012/100] | LR: 0.01000 | Tr Loss: 2.5668 | Te Loss: 3.1103 | Te Acc: 42.76% | Best: 42.76%
Round [013/100] | LR: 0.01000 | Tr Loss: 2.6533 | Te Loss: 3.0400 | Te Acc: 43.61% | Best: 43.61%
Round [014/100] | LR: 0.01000 | Tr Loss: 2.4771 | Te Loss: 3.0029 | Te Acc: 43.76% | Best: 43.76%
Round [015/100] | LR: 0.01000 | Tr Loss: 2.3132 | Te Loss: 3.0528 | Te Acc: 45.09% | Best: 45.09%
Round [016/100] | LR: 0.01000 | Tr Loss: 2.3065 | Te Loss: 2.9575 | Te Acc: 47.39% | Best: 47.39%
Round [017/100] | LR: 0.01000 | Tr Loss: 2.2749 | Te Loss: 2.9101 | Te Acc: 47.97% | Best: 47.97%
Round [018/100] | LR: 0.01000 | Tr Loss: 2.2081 | Te Loss: 2.8642 | Te Acc: 48.17% | Best: 48.17%
Round [019/100] | LR: 0.01000 | Tr Loss: 2.3109 | Te Loss: 2.8321 | Te Acc: 49.96% | Best: 49.96%
Round [020/100] | LR: 0.01000 | Tr Loss: 2.1069 | Te Loss: 2.8364 | Te Acc: 49.40% | Best: 49.96%
Round [021/100] | LR: 0.01000 | Tr Loss: 2.2124 | Te Loss: 2.8926 | Te Acc: 49.66% | Best: 49.96%
Round [022/100] | LR: 0.01000 | Tr Loss: 2.2014 | Te Loss: 2.8549 | Te Acc: 50.52% | Best: 50.52%
Round [023/100] | LR: 0.01000 | Tr Loss: 2.2074 | Te Loss: 2.8406 | Te Acc: 50.78% | Best: 50.78%
Round [024/100] | LR: 0.01000 | Tr Loss: 2.0416 | Te Loss: 2.7537 | Te Acc: 53.00% | Best: 53.00%
Round [025/100] | LR: 0.01000 | Tr Loss: 1.9701 | Te Loss: 2.6833 | Te Acc: 53.89% | Best: 53.89%

>>> Round 26: Unfreezing the backbone for fine-tuning! <<<
Round [026/100] | LR: 0.00100 | Tr Loss: 6.7891 | Te Loss: 6.4480 | Te Acc: 1.52% | Best: 53.89%
Round [027/100] | LR: 0.00100 | Tr Loss: 5.0539 | Te Loss: 5.0232 | Te Acc: 1.58% | Best: 53.89%
Round [028/100] | LR: 0.00100 | Tr Loss: 4.4120 | Te Loss: 4.8449 | Te Acc: 1.67% | Best: 53.89%
Round [029/100] | LR: 0.00100 | Tr Loss: 4.2576 | Te Loss: 4.7510 | Te Acc: 2.09% | Best: 53.89%
Round [030/100] | LR: 0.00100 | Tr Loss: 4.2197 | Te Loss: 4.6660 | Te Acc: 2.65% | Best: 53.89%
Round [031/100] | LR: 0.00100 | Tr Loss: 4.0912 | Te Loss: 4.6652 | Te Acc: 2.78% | Best: 53.89%
Round [032/100] | LR: 0.00100 | Tr Loss: 4.0870 | Te Loss: 4.6473 | Te Acc: 2.21% | Best: 53.89%
Round [033/100] | LR: 0.00100 | Tr Loss: 4.0436 | Te Loss: 4.5540 | Te Acc: 4.45% | Best: 53.89%
Round [034/100] | LR: 0.00100 | Tr Loss: 3.9580 | Te Loss: 4.5554 | Te Acc: 3.74% | Best: 53.89%
Round [035/100] | LR: 0.00100 | Tr Loss: 3.9825 | Te Loss: 4.5242 | Te Acc: 3.33% | Best: 53.89%
Round [036/100] | LR: 0.00100 | Tr Loss: 3.9009 | Te Loss: 4.5204 | Te Acc: 5.43% | Best: 53.89%
Round [037/100] | LR: 0.00100 | Tr Loss: 3.8963 | Te Loss: 4.5241 | Te Acc: 4.65% | Best: 53.89%
Round [038/100] | LR: 0.00100 | Tr Loss: 3.9005 | Te Loss: 4.4414 | Te Acc: 4.53% | Best: 53.89%
Round [039/100] | LR: 0.00100 | Tr Loss: 3.8790 | Te Loss: 4.4492 | Te Acc: 5.52% | Best: 53.89%
Round [040/100] | LR: 0.00100 | Tr Loss: 3.8607 | Te Loss: 4.4274 | Te Acc: 5.08% | Best: 53.89%
Round [041/100] | LR: 0.00100 | Tr Loss: 3.8302 | Te Loss: 4.4668 | Te Acc: 4.95% | Best: 53.89%
Round [042/100] | LR: 0.00100 | Tr Loss: 3.7982 | Te Loss: 4.4623 | Te Acc: 4.99% | Best: 53.89%
Round [043/100] | LR: 0.00100 | Tr Loss: 3.7780 | Te Loss: 4.4251 | Te Acc: 5.26% | Best: 53.89%
Round [044/100] | LR: 0.00100 | Tr Loss: 3.7107 | Te Loss: 4.4444 | Te Acc: 4.83% | Best: 53.89%
Round [045/100] | LR: 0.00100 | Tr Loss: 3.7276 | Te Loss: 4.3718 | Te Acc: 5.54% | Best: 53.89%
Round [046/100] | LR: 0.00100 | Tr Loss: 3.7292 | Te Loss: 4.3289 | Te Acc: 6.56% | Best: 53.89%
Round [047/100] | LR: 0.00100 | Tr Loss: 3.6835 | Te Loss: 4.3609 | Te Acc: 6.70% | Best: 53.89%
Round [048/100] | LR: 0.00100 | Tr Loss: 3.7016 | Te Loss: 4.4056 | Te Acc: 5.77% | Best: 53.89%
Round [049/100] | LR: 0.00100 | Tr Loss: 3.6921 | Te Loss: 4.3503 | Te Acc: 7.04% | Best: 53.89%
Round [050/100] | LR: 0.00100 | Tr Loss: 3.6156 | Te Loss: 4.2703 | Te Acc: 7.96% | Best: 53.89%
Round [051/100] | LR: 0.00100 | Tr Loss: 3.5915 | Te Loss: 4.2736 | Te Acc: 8.01% | Best: 53.89%
Round [052/100] | LR: 0.00100 | Tr Loss: 3.5796 | Te Loss: 4.2904 | Te Acc: 7.36% | Best: 53.89%
Round [053/100] | LR: 0.00100 | Tr Loss: 3.5996 | Te Loss: 4.3485 | Te Acc: 7.01% | Best: 53.89%
Round [054/100] | LR: 0.00100 | Tr Loss: 3.6237 | Te Loss: 4.2522 | Te Acc: 7.26% | Best: 53.89%
Round [055/100] | LR: 0.00100 | Tr Loss: 3.5667 | Te Loss: 4.3150 | Te Acc: 7.82% | Best: 53.89%
Round [056/100] | LR: 0.00100 | Tr Loss: 3.4728 | Te Loss: 4.1821 | Te Acc: 8.98% | Best: 53.89%
Round [057/100] | LR: 0.00100 | Tr Loss: 3.4886 | Te Loss: 4.2346 | Te Acc: 7.71% | Best: 53.89%
Round [058/100] | LR: 0.00100 | Tr Loss: 3.4339 | Te Loss: 4.1405 | Te Acc: 9.71% | Best: 53.89%
Round [059/100] | LR: 0.00100 | Tr Loss: 3.3957 | Te Loss: 4.1639 | Te Acc: 9.15% | Best: 53.89%
Round [060/100] | LR: 0.00100 | Tr Loss: 3.4014 | Te Loss: 4.2506 | Te Acc: 8.31% | Best: 53.89%
Round [061/100] | LR: 0.00010 | Tr Loss: 3.8656 | Te Loss: 4.0671 | Te Acc: 11.12% | Best: 53.89%
Round [062/100] | LR: 0.00010 | Tr Loss: 3.7483 | Te Loss: 3.9912 | Te Acc: 12.23% | Best: 53.89%
Round [063/100] | LR: 0.00010 | Tr Loss: 3.6708 | Te Loss: 3.9591 | Te Acc: 12.86% | Best: 53.89%
Round [064/100] | LR: 0.00010 | Tr Loss: 3.6392 | Te Loss: 3.9449 | Te Acc: 13.27% | Best: 53.89%
Round [065/100] | LR: 0.00010 | Tr Loss: 3.6060 | Te Loss: 3.9217 | Te Acc: 13.99% | Best: 53.89%
Round [066/100] | LR: 0.00010 | Tr Loss: 3.6057 | Te Loss: 3.9085 | Te Acc: 14.31% | Best: 53.89%
Round [067/100] | LR: 0.00010 | Tr Loss: 3.5606 | Te Loss: 3.9077 | Te Acc: 14.10% | Best: 53.89%
Round [068/100] | LR: 0.00010 | Tr Loss: 3.5556 | Te Loss: 3.8978 | Te Acc: 14.20% | Best: 53.89%
Round [069/100] | LR: 0.00010 | Tr Loss: 3.6022 | Te Loss: 3.8915 | Te Acc: 14.37% | Best: 53.89%
Round [070/100] | LR: 0.00010 | Tr Loss: 3.5319 | Te Loss: 3.8853 | Te Acc: 14.53% | Best: 53.89%
Round [071/100] | LR: 0.00010 | Tr Loss: 3.5100 | Te Loss: 3.8793 | Te Acc: 14.57% | Best: 53.89%
Round [072/100] | LR: 0.00010 | Tr Loss: 3.5657 | Te Loss: 3.8815 | Te Acc: 14.61% | Best: 53.89%
Round [073/100] | LR: 0.00010 | Tr Loss: 3.5384 | Te Loss: 3.8779 | Te Acc: 14.47% | Best: 53.89%
Round [074/100] | LR: 0.00010 | Tr Loss: 3.5561 | Te Loss: 3.8726 | Te Acc: 14.68% | Best: 53.89%
Round [075/100] | LR: 0.00010 | Tr Loss: 3.5204 | Te Loss: 3.8665 | Te Acc: 15.00% | Best: 53.89%
Round [076/100] | LR: 0.00010 | Tr Loss: 3.5108 | Te Loss: 3.8679 | Te Acc: 14.98% | Best: 53.89%
Round [077/100] | LR: 0.00010 | Tr Loss: 3.4842 | Te Loss: 3.8678 | Te Acc: 14.68% | Best: 53.89%
Round [078/100] | LR: 0.00010 | Tr Loss: 3.5330 | Te Loss: 3.8497 | Te Acc: 15.47% | Best: 53.89%
Round [079/100] | LR: 0.00010 | Tr Loss: 3.4950 | Te Loss: 3.8468 | Te Acc: 14.92% | Best: 53.89%
Round [080/100] | LR: 0.00010 | Tr Loss: 3.4671 | Te Loss: 3.8516 | Te Acc: 15.12% | Best: 53.89%
Round [081/100] | LR: 0.00001 | Tr Loss: 3.6588 | Te Loss: 3.8473 | Te Acc: 15.18% | Best: 53.89%
Round [082/100] | LR: 0.00001 | Tr Loss: 3.6646 | Te Loss: 3.8433 | Te Acc: 15.25% | Best: 53.89%
Round [083/100] | LR: 0.00001 | Tr Loss: 3.6523 | Te Loss: 3.8404 | Te Acc: 15.43% | Best: 53.89%
Round [084/100] | LR: 0.00001 | Tr Loss: 3.6507 | Te Loss: 3.8371 | Te Acc: 15.59% | Best: 53.89%
Round [085/100] | LR: 0.00001 | Tr Loss: 3.6372 | Te Loss: 3.8332 | Te Acc: 15.63% | Best: 53.89%
Round [086/100] | LR: 0.00001 | Tr Loss: 3.6910 | Te Loss: 3.8307 | Te Acc: 15.50% | Best: 53.89%
Round [087/100] | LR: 0.00001 | Tr Loss: 3.6443 | Te Loss: 3.8288 | Te Acc: 15.65% | Best: 53.89%
Round [088/100] | LR: 0.00001 | Tr Loss: 3.6417 | Te Loss: 3.8280 | Te Acc: 15.63% | Best: 53.89%
Round [089/100] | LR: 0.00001 | Tr Loss: 3.6627 | Te Loss: 3.8272 | Te Acc: 15.61% | Best: 53.89%
Round [090/100] | LR: 0.00001 | Tr Loss: 3.6480 | Te Loss: 3.8254 | Te Acc: 15.60% | Best: 53.89%
Round [091/100] | LR: 0.00001 | Tr Loss: 3.6349 | Te Loss: 3.8258 | Te Acc: 15.73% | Best: 53.89%
Round [092/100] | LR: 0.00001 | Tr Loss: 3.6593 | Te Loss: 3.8249 | Te Acc: 15.74% | Best: 53.89%
Round [093/100] | LR: 0.00001 | Tr Loss: 3.6453 | Te Loss: 3.8266 | Te Acc: 15.76% | Best: 53.89%
Round [094/100] | LR: 0.00001 | Tr Loss: 3.6144 | Te Loss: 3.8252 | Te Acc: 15.74% | Best: 53.89%
Round [095/100] | LR: 0.00001 | Tr Loss: 3.6207 | Te Loss: 3.8223 | Te Acc: 15.72% | Best: 53.89%
Round [096/100] | LR: 0.00001 | Tr Loss: 3.6357 | Te Loss: 3.8188 | Te Acc: 15.70% | Best: 53.89%
Round [097/100] | LR: 0.00001 | Tr Loss: 3.5969 | Te Loss: 3.8188 | Te Acc: 15.64% | Best: 53.89%
Round [098/100] | LR: 0.00001 | Tr Loss: 3.6245 | Te Loss: 3.8173 | Te Acc: 15.84% | Best: 53.89%
Round [099/100] | LR: 0.00001 | Tr Loss: 3.6494 | Te Loss: 3.8170 | Te Acc: 15.91% | Best: 53.89%
Round [100/100] | LR: 0.00001 | Tr Loss: 3.6599 | Te Loss: 3.8172 | Te Acc: 15.86% | Best: 53.89%
