Files already downloaded and verified
Files already downloaded and verified
Using cache found in /home/xi/.cache/torch/hub/facebookresearch_dino_main
/home/xi/miniconda3/envs/torch_env/lib/python3.10/site-packages/torch/cuda/__init__.py:716: UserWarning: Can't initialize NVML
  warnings.warn("Can't initialize NVML")

>> Running: Nc=1, J=4
Round [001/200] | LR: 0.01000 | Tr Loss: 3.4204 | Te Loss: 11.9104 | Te Acc: 3.08% | Best: 3.08%
Round [002/200] | LR: 0.01000 | Tr Loss: 6.2618 | Te Loss: 11.2246 | Te Acc: 3.13% | Best: 3.13%
Round [003/200] | LR: 0.01000 | Tr Loss: 6.1790 | Te Loss: 12.3821 | Te Acc: 2.91% | Best: 3.13%
Round [004/200] | LR: 0.01000 | Tr Loss: 7.6143 | Te Loss: 11.7145 | Te Acc: 3.29% | Best: 3.29%
Round [005/200] | LR: 0.01000 | Tr Loss: 6.8609 | Te Loss: 12.3232 | Te Acc: 4.44% | Best: 4.44%
Round [006/200] | LR: 0.01000 | Tr Loss: 5.8329 | Te Loss: 15.3613 | Te Acc: 2.52% | Best: 4.44%
Round [007/200] | LR: 0.01000 | Tr Loss: 8.1930 | Te Loss: 11.6586 | Te Acc: 5.22% | Best: 5.22%
Round [008/200] | LR: 0.01000 | Tr Loss: 8.0607 | Te Loss: 11.8615 | Te Acc: 4.48% | Best: 5.22%
Round [009/200] | LR: 0.01000 | Tr Loss: 5.5121 | Te Loss: 15.7507 | Te Acc: 3.90% | Best: 5.22%
Round [010/200] | LR: 0.01000 | Tr Loss: 13.6795 | Te Loss: 15.7829 | Te Acc: 3.64% | Best: 5.22%
Round [011/200] | LR: 0.01000 | Tr Loss: 10.3240 | Te Loss: 15.2462 | Te Acc: 5.99% | Best: 5.99%
Round [012/200] | LR: 0.01000 | Tr Loss: 8.7773 | Te Loss: 16.4749 | Te Acc: 3.62% | Best: 5.99%
Round [013/200] | LR: 0.01000 | Tr Loss: 12.1957 | Te Loss: 14.7708 | Te Acc: 6.13% | Best: 6.13%
Round [014/200] | LR: 0.01000 | Tr Loss: 10.2372 | Te Loss: 15.7023 | Te Acc: 3.47% | Best: 6.13%
Round [015/200] | LR: 0.01000 | Tr Loss: 9.9577 | Te Loss: 18.7022 | Te Acc: 3.08% | Best: 6.13%
Round [016/200] | LR: 0.01000 | Tr Loss: 10.1046 | Te Loss: 15.5633 | Te Acc: 5.74% | Best: 6.13%
Round [017/200] | LR: 0.01000 | Tr Loss: 15.0431 | Te Loss: 14.3730 | Te Acc: 7.19% | Best: 7.19%
Round [018/200] | LR: 0.01000 | Tr Loss: 9.5359 | Te Loss: 17.3502 | Te Acc: 4.98% | Best: 7.19%
Round [019/200] | LR: 0.01000 | Tr Loss: 9.1355 | Te Loss: 16.2292 | Te Acc: 6.00% | Best: 7.19%
Round [020/200] | LR: 0.01000 | Tr Loss: 7.6345 | Te Loss: 18.1522 | Te Acc: 6.57% | Best: 7.19%
Round [021/200] | LR: 0.01000 | Tr Loss: 24.0476 | Te Loss: 16.1101 | Te Acc: 6.98% | Best: 7.19%
Round [022/200] | LR: 0.01000 | Tr Loss: 12.9828 | Te Loss: 16.4741 | Te Acc: 6.94% | Best: 7.19%
Round [023/200] | LR: 0.01000 | Tr Loss: 10.5832 | Te Loss: 16.8011 | Te Acc: 6.98% | Best: 7.19%
Round [024/200] | LR: 0.01000 | Tr Loss: 10.2195 | Te Loss: 13.4421 | Te Acc: 11.26% | Best: 11.26%
Round [025/200] | LR: 0.01000 | Tr Loss: 13.3371 | Te Loss: 15.9974 | Te Acc: 5.86% | Best: 11.26%
Round [026/200] | LR: 0.01000 | Tr Loss: 14.2671 | Te Loss: 15.3747 | Te Acc: 7.01% | Best: 11.26%
Round [027/200] | LR: 0.01000 | Tr Loss: 10.0138 | Te Loss: 15.6106 | Te Acc: 7.98% | Best: 11.26%
Round [028/200] | LR: 0.01000 | Tr Loss: 12.1527 | Te Loss: 15.2511 | Te Acc: 8.86% | Best: 11.26%
Round [029/200] | LR: 0.01000 | Tr Loss: 5.9338 | Te Loss: 15.3690 | Te Acc: 9.53% | Best: 11.26%
Round [030/200] | LR: 0.01000 | Tr Loss: 10.3937 | Te Loss: 15.8352 | Te Acc: 9.05% | Best: 11.26%
Round [031/200] | LR: 0.01000 | Tr Loss: 7.7143 | Te Loss: 16.2644 | Te Acc: 9.17% | Best: 11.26%
Round [032/200] | LR: 0.01000 | Tr Loss: 10.6186 | Te Loss: 13.9349 | Te Acc: 10.60% | Best: 11.26%
Round [033/200] | LR: 0.01000 | Tr Loss: 10.9493 | Te Loss: 17.1380 | Te Acc: 7.70% | Best: 11.26%
Round [034/200] | LR: 0.01000 | Tr Loss: 20.4175 | Te Loss: 15.3046 | Te Acc: 7.83% | Best: 11.26%
Round [035/200] | LR: 0.01000 | Tr Loss: 10.9729 | Te Loss: 15.6219 | Te Acc: 9.00% | Best: 11.26%
Round [036/200] | LR: 0.01000 | Tr Loss: 9.0911 | Te Loss: 16.5091 | Te Acc: 9.85% | Best: 11.26%
Round [037/200] | LR: 0.01000 | Tr Loss: 17.2274 | Te Loss: 13.5519 | Te Acc: 13.92% | Best: 13.92%
Round [038/200] | LR: 0.01000 | Tr Loss: 8.1292 | Te Loss: 14.2702 | Te Acc: 10.25% | Best: 13.92%
Round [039/200] | LR: 0.01000 | Tr Loss: 11.8785 | Te Loss: 15.2587 | Te Acc: 9.49% | Best: 13.92%
Round [040/200] | LR: 0.01000 | Tr Loss: 10.0539 | Te Loss: 13.0765 | Te Acc: 12.09% | Best: 13.92%
Round [041/200] | LR: 0.01000 | Tr Loss: 12.9554 | Te Loss: 14.1129 | Te Acc: 11.18% | Best: 13.92%
Round [042/200] | LR: 0.01000 | Tr Loss: 9.4628 | Te Loss: 14.9091 | Te Acc: 11.44% | Best: 13.92%
Round [043/200] | LR: 0.01000 | Tr Loss: 16.9077 | Te Loss: 11.1046 | Te Acc: 17.12% | Best: 17.12%
Round [044/200] | LR: 0.01000 | Tr Loss: 7.0050 | Te Loss: 11.3122 | Te Acc: 16.64% | Best: 17.12%
Round [045/200] | LR: 0.01000 | Tr Loss: 7.4829 | Te Loss: 13.2422 | Te Acc: 13.64% | Best: 17.12%
Round [046/200] | LR: 0.01000 | Tr Loss: 11.4658 | Te Loss: 13.6100 | Te Acc: 11.36% | Best: 17.12%
Round [047/200] | LR: 0.01000 | Tr Loss: 5.1626 | Te Loss: 12.3434 | Te Acc: 16.76% | Best: 17.12%
Round [048/200] | LR: 0.01000 | Tr Loss: 7.6443 | Te Loss: 13.8953 | Te Acc: 11.80% | Best: 17.12%
Round [049/200] | LR: 0.01000 | Tr Loss: 11.0933 | Te Loss: 12.9282 | Te Acc: 15.59% | Best: 17.12%
Round [050/200] | LR: 0.01000 | Tr Loss: 8.6736 | Te Loss: 13.7186 | Te Acc: 14.62% | Best: 17.12%

>>> Round 51: Unfreezing the backbone for fine-tuning! <<<
Round [051/200] | LR: 0.00100 | Tr Loss: 5.9333 | Te Loss: 21.6046 | Te Acc: 1.38% | Best: 17.12%
Round [052/200] | LR: 0.00100 | Tr Loss: 6.7044 | Te Loss: 16.3911 | Te Acc: 0.99% | Best: 17.12%
Round [053/200] | LR: 0.00100 | Tr Loss: 5.9793 | Te Loss: 11.8871 | Te Acc: 1.00% | Best: 17.12%
Round [054/200] | LR: 0.00100 | Tr Loss: 3.9449 | Te Loss: 8.2312 | Te Acc: 1.16% | Best: 17.12%
Round [055/200] | LR: 0.00100 | Tr Loss: 2.7684 | Te Loss: 6.2508 | Te Acc: 1.09% | Best: 17.12%
Round [056/200] | LR: 0.00100 | Tr Loss: 2.1014 | Te Loss: 6.5578 | Te Acc: 0.98% | Best: 17.12%
Round [057/200] | LR: 0.00100 | Tr Loss: 1.9944 | Te Loss: 6.3091 | Te Acc: 0.83% | Best: 17.12%
Round [058/200] | LR: 0.00100 | Tr Loss: 2.2866 | Te Loss: 6.1686 | Te Acc: 1.76% | Best: 17.12%
Round [059/200] | LR: 0.00100 | Tr Loss: 2.7727 | Te Loss: 5.9222 | Te Acc: 1.24% | Best: 17.12%
Round [060/200] | LR: 0.00100 | Tr Loss: 2.0052 | Te Loss: 6.6036 | Te Acc: 1.18% | Best: 17.12%
Round [061/200] | LR: 0.00100 | Tr Loss: 2.8731 | Te Loss: 6.0681 | Te Acc: 1.00% | Best: 17.12%
Round [062/200] | LR: 0.00100 | Tr Loss: 2.2497 | Te Loss: 6.5828 | Te Acc: 1.34% | Best: 17.12%
Round [063/200] | LR: 0.00100 | Tr Loss: 1.8947 | Te Loss: 6.0344 | Te Acc: 1.16% | Best: 17.12%
Round [064/200] | LR: 0.00100 | Tr Loss: 2.1088 | Te Loss: 5.4364 | Te Acc: 1.09% | Best: 17.12%
Round [065/200] | LR: 0.00100 | Tr Loss: 1.7560 | Te Loss: 5.8735 | Te Acc: 1.01% | Best: 17.12%
Round [066/200] | LR: 0.00100 | Tr Loss: 1.5609 | Te Loss: 5.4985 | Te Acc: 0.89% | Best: 17.12%
Round [067/200] | LR: 0.00100 | Tr Loss: 1.7745 | Te Loss: 5.9742 | Te Acc: 1.00% | Best: 17.12%
Round [068/200] | LR: 0.00100 | Tr Loss: 2.0131 | Te Loss: 5.3357 | Te Acc: 1.21% | Best: 17.12%
Round [069/200] | LR: 0.00100 | Tr Loss: 1.6223 | Te Loss: 5.6748 | Te Acc: 0.89% | Best: 17.12%
Round [070/200] | LR: 0.00100 | Tr Loss: 1.8856 | Te Loss: 5.4976 | Te Acc: 1.44% | Best: 17.12%
Round [071/200] | LR: 0.00100 | Tr Loss: 1.8733 | Te Loss: 5.4904 | Te Acc: 1.00% | Best: 17.12%
Round [072/200] | LR: 0.00100 | Tr Loss: 2.0231 | Te Loss: 5.7263 | Te Acc: 0.94% | Best: 17.12%
Round [073/200] | LR: 0.00100 | Tr Loss: 1.9399 | Te Loss: 5.8114 | Te Acc: 1.00% | Best: 17.12%
Round [074/200] | LR: 0.00100 | Tr Loss: 1.9023 | Te Loss: 5.9427 | Te Acc: 1.36% | Best: 17.12%
Round [075/200] | LR: 0.00100 | Tr Loss: 1.8489 | Te Loss: 5.5268 | Te Acc: 1.62% | Best: 17.12%
Round [076/200] | LR: 0.00100 | Tr Loss: 1.8438 | Te Loss: 5.6258 | Te Acc: 1.40% | Best: 17.12%
Round [077/200] | LR: 0.00100 | Tr Loss: 1.8835 | Te Loss: 5.3740 | Te Acc: 1.88% | Best: 17.12%
Round [078/200] | LR: 0.00100 | Tr Loss: 1.7690 | Te Loss: 5.6892 | Te Acc: 1.19% | Best: 17.12%
Round [079/200] | LR: 0.00100 | Tr Loss: 1.8397 | Te Loss: 7.1727 | Te Acc: 1.00% | Best: 17.12%
Round [080/200] | LR: 0.00100 | Tr Loss: 2.5737 | Te Loss: 5.4752 | Te Acc: 1.41% | Best: 17.12%
Round [081/200] | LR: 0.00100 | Tr Loss: 1.9143 | Te Loss: 5.5774 | Te Acc: 1.28% | Best: 17.12%
Round [082/200] | LR: 0.00100 | Tr Loss: 2.0502 | Te Loss: 6.2153 | Te Acc: 1.19% | Best: 17.12%
Round [083/200] | LR: 0.00100 | Tr Loss: 2.0178 | Te Loss: 6.2378 | Te Acc: 1.00% | Best: 17.12%
Round [084/200] | LR: 0.00100 | Tr Loss: 1.9281 | Te Loss: 5.8689 | Te Acc: 1.64% | Best: 17.12%
Round [085/200] | LR: 0.00100 | Tr Loss: 1.8594 | Te Loss: 6.0553 | Te Acc: 1.25% | Best: 17.12%
Round [086/200] | LR: 0.00100 | Tr Loss: 2.3508 | Te Loss: 5.6312 | Te Acc: 1.53% | Best: 17.12%
Round [087/200] | LR: 0.00100 | Tr Loss: 2.0325 | Te Loss: 5.2824 | Te Acc: 1.08% | Best: 17.12%
Round [088/200] | LR: 0.00100 | Tr Loss: 1.6142 | Te Loss: 5.4983 | Te Acc: 1.20% | Best: 17.12%
Round [089/200] | LR: 0.00100 | Tr Loss: 1.7193 | Te Loss: 5.3965 | Te Acc: 1.22% | Best: 17.12%
Round [090/200] | LR: 0.00100 | Tr Loss: 2.0194 | Te Loss: 5.3488 | Te Acc: 1.06% | Best: 17.12%
Round [091/200] | LR: 0.00100 | Tr Loss: 1.8811 | Te Loss: 5.5753 | Te Acc: 1.75% | Best: 17.12%
Round [092/200] | LR: 0.00100 | Tr Loss: 1.9727 | Te Loss: 5.6893 | Te Acc: 1.41% | Best: 17.12%
Round [093/200] | LR: 0.00100 | Tr Loss: 2.1235 | Te Loss: 5.5469 | Te Acc: 0.89% | Best: 17.12%
Round [094/200] | LR: 0.00100 | Tr Loss: 2.0505 | Te Loss: 7.1913 | Te Acc: 1.41% | Best: 17.12%
Round [095/200] | LR: 0.00100 | Tr Loss: 2.4535 | Te Loss: 6.2498 | Te Acc: 1.22% | Best: 17.12%
Round [096/200] | LR: 0.00100 | Tr Loss: 2.1801 | Te Loss: 5.4299 | Te Acc: 1.67% | Best: 17.12%
Round [097/200] | LR: 0.00100 | Tr Loss: 1.7951 | Te Loss: 5.4567 | Te Acc: 1.50% | Best: 17.12%
Round [098/200] | LR: 0.00100 | Tr Loss: 1.8702 | Te Loss: 5.3905 | Te Acc: 1.73% | Best: 17.12%
Round [099/200] | LR: 0.00100 | Tr Loss: 2.0006 | Te Loss: 5.1298 | Te Acc: 1.35% | Best: 17.12%
Round [100/200] | LR: 0.00100 | Tr Loss: 1.6203 | Te Loss: 5.3295 | Te Acc: 1.62% | Best: 17.12%
Round [101/200] | LR: 0.00100 | Tr Loss: 1.7677 | Te Loss: 5.5403 | Te Acc: 1.43% | Best: 17.12%
Round [102/200] | LR: 0.00100 | Tr Loss: 1.7798 | Te Loss: 5.8532 | Te Acc: 1.68% | Best: 17.12%
Round [103/200] | LR: 0.00100 | Tr Loss: 2.0741 | Te Loss: 5.1584 | Te Acc: 1.54% | Best: 17.12%
Round [104/200] | LR: 0.00100 | Tr Loss: 1.6884 | Te Loss: 5.3895 | Te Acc: 1.69% | Best: 17.12%
Round [105/200] | LR: 0.00100 | Tr Loss: 1.6991 | Te Loss: 5.5140 | Te Acc: 1.08% | Best: 17.12%
Round [106/200] | LR: 0.00100 | Tr Loss: 1.6474 | Te Loss: 5.5124 | Te Acc: 1.25% | Best: 17.12%
Round [107/200] | LR: 0.00100 | Tr Loss: 2.0169 | Te Loss: 5.4473 | Te Acc: 2.00% | Best: 17.12%
Round [108/200] | LR: 0.00100 | Tr Loss: 1.9835 | Te Loss: 5.4350 | Te Acc: 1.19% | Best: 17.12%
Round [109/200] | LR: 0.00100 | Tr Loss: 1.6477 | Te Loss: 5.4058 | Te Acc: 1.33% | Best: 17.12%
Round [110/200] | LR: 0.00100 | Tr Loss: 1.6840 | Te Loss: 5.2845 | Te Acc: 1.83% | Best: 17.12%
Round [111/200] | LR: 0.00100 | Tr Loss: 1.7712 | Te Loss: 5.2606 | Te Acc: 1.20% | Best: 17.12%
Round [112/200] | LR: 0.00100 | Tr Loss: 1.6810 | Te Loss: 5.2899 | Te Acc: 1.26% | Best: 17.12%
Round [113/200] | LR: 0.00100 | Tr Loss: 1.9974 | Te Loss: 5.3305 | Te Acc: 0.87% | Best: 17.12%
Round [114/200] | LR: 0.00100 | Tr Loss: 1.7540 | Te Loss: 5.1824 | Te Acc: 1.48% | Best: 17.12%
Round [115/200] | LR: 0.00100 | Tr Loss: 1.7280 | Te Loss: 5.1764 | Te Acc: 2.33% | Best: 17.12%
Round [116/200] | LR: 0.00100 | Tr Loss: 1.4578 | Te Loss: 5.5263 | Te Acc: 1.90% | Best: 17.12%
Round [117/200] | LR: 0.00100 | Tr Loss: 1.7666 | Te Loss: 5.4941 | Te Acc: 2.63% | Best: 17.12%
Round [118/200] | LR: 0.00100 | Tr Loss: 1.7060 | Te Loss: 5.3472 | Te Acc: 2.04% | Best: 17.12%
Round [119/200] | LR: 0.00100 | Tr Loss: 1.5446 | Te Loss: 5.5299 | Te Acc: 1.13% | Best: 17.12%
Round [120/200] | LR: 0.00100 | Tr Loss: 1.7110 | Te Loss: 5.2162 | Te Acc: 1.73% | Best: 17.12%
Round [121/200] | LR: 0.00010 | Tr Loss: 4.1172 | Te Loss: 5.0411 | Te Acc: 1.87% | Best: 17.12%
Round [122/200] | LR: 0.00010 | Tr Loss: 4.0391 | Te Loss: 4.9461 | Te Acc: 1.99% | Best: 17.12%
Round [123/200] | LR: 0.00010 | Tr Loss: 4.2736 | Te Loss: 4.8714 | Te Acc: 1.71% | Best: 17.12%
Round [124/200] | LR: 0.00010 | Tr Loss: 4.0289 | Te Loss: 4.7996 | Te Acc: 1.82% | Best: 17.12%
Round [125/200] | LR: 0.00010 | Tr Loss: 3.4781 | Te Loss: 4.7884 | Te Acc: 1.64% | Best: 17.12%
Round [126/200] | LR: 0.00010 | Tr Loss: 3.7080 | Te Loss: 4.7477 | Te Acc: 2.19% | Best: 17.12%
Round [127/200] | LR: 0.00010 | Tr Loss: 3.7619 | Te Loss: 4.7235 | Te Acc: 2.09% | Best: 17.12%
Round [128/200] | LR: 0.00010 | Tr Loss: 3.4400 | Te Loss: 4.7342 | Te Acc: 1.91% | Best: 17.12%
Round [129/200] | LR: 0.00010 | Tr Loss: 3.4829 | Te Loss: 4.7214 | Te Acc: 1.98% | Best: 17.12%
Round [130/200] | LR: 0.00010 | Tr Loss: 3.7580 | Te Loss: 4.6789 | Te Acc: 2.08% | Best: 17.12%
Round [131/200] | LR: 0.00010 | Tr Loss: 3.7671 | Te Loss: 4.6594 | Te Acc: 2.06% | Best: 17.12%
Round [132/200] | LR: 0.00010 | Tr Loss: 3.1440 | Te Loss: 4.6610 | Te Acc: 2.38% | Best: 17.12%
Round [133/200] | LR: 0.00010 | Tr Loss: 3.6965 | Te Loss: 4.6285 | Te Acc: 2.59% | Best: 17.12%
Round [134/200] | LR: 0.00010 | Tr Loss: 3.4385 | Te Loss: 4.6268 | Te Acc: 2.23% | Best: 17.12%
Round [135/200] | LR: 0.00010 | Tr Loss: 3.6485 | Te Loss: 4.6104 | Te Acc: 2.73% | Best: 17.12%
Round [136/200] | LR: 0.00010 | Tr Loss: 3.5082 | Te Loss: 4.6286 | Te Acc: 2.06% | Best: 17.12%
Round [137/200] | LR: 0.00010 | Tr Loss: 3.5433 | Te Loss: 4.6166 | Te Acc: 2.05% | Best: 17.12%
Round [138/200] | LR: 0.00010 | Tr Loss: 3.3154 | Te Loss: 4.6305 | Te Acc: 1.83% | Best: 17.12%
Round [139/200] | LR: 0.00010 | Tr Loss: 3.3228 | Te Loss: 4.6436 | Te Acc: 1.93% | Best: 17.12%
Round [140/200] | LR: 0.00010 | Tr Loss: 3.2629 | Te Loss: 4.6555 | Te Acc: 1.57% | Best: 17.12%
Round [141/200] | LR: 0.00010 | Tr Loss: 3.3956 | Te Loss: 4.6620 | Te Acc: 1.63% | Best: 17.12%
Round [142/200] | LR: 0.00010 | Tr Loss: 3.3059 | Te Loss: 4.6871 | Te Acc: 1.59% | Best: 17.12%
Round [143/200] | LR: 0.00010 | Tr Loss: 3.7189 | Te Loss: 4.6596 | Te Acc: 1.85% | Best: 17.12%
Round [144/200] | LR: 0.00010 | Tr Loss: 3.5218 | Te Loss: 4.6428 | Te Acc: 1.98% | Best: 17.12%
Round [145/200] | LR: 0.00010 | Tr Loss: 3.6354 | Te Loss: 4.6094 | Te Acc: 2.10% | Best: 17.12%
Round [146/200] | LR: 0.00010 | Tr Loss: 3.1475 | Te Loss: 4.6109 | Te Acc: 1.73% | Best: 17.12%
Round [147/200] | LR: 0.00010 | Tr Loss: 3.2496 | Te Loss: 4.6235 | Te Acc: 1.63% | Best: 17.12%
Round [148/200] | LR: 0.00010 | Tr Loss: 3.5495 | Te Loss: 4.6113 | Te Acc: 1.88% | Best: 17.12%
Round [149/200] | LR: 0.00010 | Tr Loss: 3.5028 | Te Loss: 4.6402 | Te Acc: 1.99% | Best: 17.12%
Round [150/200] | LR: 0.00010 | Tr Loss: 3.5846 | Te Loss: 4.6142 | Te Acc: 2.28% | Best: 17.12%
Round [151/200] | LR: 0.00010 | Tr Loss: 3.2811 | Te Loss: 4.6182 | Te Acc: 2.53% | Best: 17.12%
Round [152/200] | LR: 0.00010 | Tr Loss: 3.3754 | Te Loss: 4.6411 | Te Acc: 2.26% | Best: 17.12%
Round [153/200] | LR: 0.00010 | Tr Loss: 3.2895 | Te Loss: 4.6200 | Te Acc: 2.47% | Best: 17.12%
Round [154/200] | LR: 0.00010 | Tr Loss: 3.3571 | Te Loss: 4.6055 | Te Acc: 2.65% | Best: 17.12%
Round [155/200] | LR: 0.00010 | Tr Loss: 3.4486 | Te Loss: 4.5994 | Te Acc: 2.65% | Best: 17.12%
Round [156/200] | LR: 0.00010 | Tr Loss: 3.6385 | Te Loss: 4.5862 | Te Acc: 2.78% | Best: 17.12%
Round [157/200] | LR: 0.00010 | Tr Loss: 3.2750 | Te Loss: 4.6017 | Te Acc: 2.35% | Best: 17.12%
Round [158/200] | LR: 0.00010 | Tr Loss: 3.4712 | Te Loss: 4.5930 | Te Acc: 2.39% | Best: 17.12%
Round [159/200] | LR: 0.00010 | Tr Loss: 3.2164 | Te Loss: 4.6045 | Te Acc: 2.67% | Best: 17.12%
Round [160/200] | LR: 0.00010 | Tr Loss: 3.4686 | Te Loss: 4.6013 | Te Acc: 2.67% | Best: 17.12%
Round [161/200] | LR: 0.00001 | Tr Loss: 4.5438 | Te Loss: 4.6006 | Te Acc: 2.67% | Best: 17.12%
Round [162/200] | LR: 0.00001 | Tr Loss: 4.6768 | Te Loss: 4.5967 | Te Acc: 2.75% | Best: 17.12%
Round [163/200] | LR: 0.00001 | Tr Loss: 4.7700 | Te Loss: 4.5949 | Te Acc: 2.62% | Best: 17.12%
Round [164/200] | LR: 0.00001 | Tr Loss: 4.7116 | Te Loss: 4.5901 | Te Acc: 2.67% | Best: 17.12%
Round [165/200] | LR: 0.00001 | Tr Loss: 4.5702 | Te Loss: 4.5871 | Te Acc: 2.66% | Best: 17.12%
Round [166/200] | LR: 0.00001 | Tr Loss: 4.5718 | Te Loss: 4.5844 | Te Acc: 2.65% | Best: 17.12%
Round [167/200] | LR: 0.00001 | Tr Loss: 4.5152 | Te Loss: 4.5841 | Te Acc: 2.70% | Best: 17.12%
Round [168/200] | LR: 0.00001 | Tr Loss: 4.3838 | Te Loss: 4.5837 | Te Acc: 2.62% | Best: 17.12%
Round [169/200] | LR: 0.00001 | Tr Loss: 4.7036 | Te Loss: 4.5804 | Te Acc: 2.53% | Best: 17.12%
Round [170/200] | LR: 0.00001 | Tr Loss: 4.8039 | Te Loss: 4.5785 | Te Acc: 2.51% | Best: 17.12%
Round [171/200] | LR: 0.00001 | Tr Loss: 4.7371 | Te Loss: 4.5768 | Te Acc: 2.55% | Best: 17.12%
Round [172/200] | LR: 0.00001 | Tr Loss: 4.6606 | Te Loss: 4.5747 | Te Acc: 2.53% | Best: 17.12%
Round [173/200] | LR: 0.00001 | Tr Loss: 4.5745 | Te Loss: 4.5740 | Te Acc: 2.55% | Best: 17.12%
Round [174/200] | LR: 0.00001 | Tr Loss: 4.8055 | Te Loss: 4.5727 | Te Acc: 2.56% | Best: 17.12%
Round [175/200] | LR: 0.00001 | Tr Loss: 4.4416 | Te Loss: 4.5727 | Te Acc: 2.71% | Best: 17.12%
Round [176/200] | LR: 0.00001 | Tr Loss: 4.9586 | Te Loss: 4.5693 | Te Acc: 2.60% | Best: 17.12%
Round [177/200] | LR: 0.00001 | Tr Loss: 4.5861 | Te Loss: 4.5693 | Te Acc: 2.62% | Best: 17.12%
Round [178/200] | LR: 0.00001 | Tr Loss: 4.5025 | Te Loss: 4.5686 | Te Acc: 2.51% | Best: 17.12%
Round [179/200] | LR: 0.00001 | Tr Loss: 4.5353 | Te Loss: 4.5668 | Te Acc: 2.51% | Best: 17.12%
Round [180/200] | LR: 0.00001 | Tr Loss: 4.8099 | Te Loss: 4.5648 | Te Acc: 2.49% | Best: 17.12%
Round [181/200] | LR: 0.00001 | Tr Loss: 4.5613 | Te Loss: 4.5633 | Te Acc: 2.53% | Best: 17.12%
Round [182/200] | LR: 0.00001 | Tr Loss: 4.5346 | Te Loss: 4.5620 | Te Acc: 2.56% | Best: 17.12%
Round [183/200] | LR: 0.00001 | Tr Loss: 4.4900 | Te Loss: 4.5620 | Te Acc: 2.56% | Best: 17.12%
Round [184/200] | LR: 0.00001 | Tr Loss: 4.5132 | Te Loss: 4.5611 | Te Acc: 2.53% | Best: 17.12%
Round [185/200] | LR: 0.00001 | Tr Loss: 4.4425 | Te Loss: 4.5611 | Te Acc: 2.50% | Best: 17.12%
Round [186/200] | LR: 0.00001 | Tr Loss: 4.6820 | Te Loss: 4.5609 | Te Acc: 2.52% | Best: 17.12%
Round [187/200] | LR: 0.00001 | Tr Loss: 4.4547 | Te Loss: 4.5613 | Te Acc: 2.62% | Best: 17.12%
Round [188/200] | LR: 0.00001 | Tr Loss: 4.3349 | Te Loss: 4.5606 | Te Acc: 2.59% | Best: 17.12%
Round [189/200] | LR: 0.00001 | Tr Loss: 4.8441 | Te Loss: 4.5573 | Te Acc: 2.66% | Best: 17.12%
Round [190/200] | LR: 0.00001 | Tr Loss: 4.7245 | Te Loss: 4.5559 | Te Acc: 2.68% | Best: 17.12%
Round [191/200] | LR: 0.00001 | Tr Loss: 4.4351 | Te Loss: 4.5566 | Te Acc: 2.73% | Best: 17.12%
Round [192/200] | LR: 0.00001 | Tr Loss: 4.4790 | Te Loss: 4.5558 | Te Acc: 2.66% | Best: 17.12%
Round [193/200] | LR: 0.00001 | Tr Loss: 4.5836 | Te Loss: 4.5550 | Te Acc: 2.61% | Best: 17.12%
Round [194/200] | LR: 0.00001 | Tr Loss: 4.6772 | Te Loss: 4.5536 | Te Acc: 2.67% | Best: 17.12%
Round [195/200] | LR: 0.00001 | Tr Loss: 4.4828 | Te Loss: 4.5541 | Te Acc: 2.65% | Best: 17.12%
Round [196/200] | LR: 0.00001 | Tr Loss: 4.7548 | Te Loss: 4.5521 | Te Acc: 2.60% | Best: 17.12%
Round [197/200] | LR: 0.00001 | Tr Loss: 4.5100 | Te Loss: 4.5508 | Te Acc: 2.59% | Best: 17.12%
Round [198/200] | LR: 0.00001 | Tr Loss: 4.4856 | Te Loss: 4.5493 | Te Acc: 2.57% | Best: 17.12%
Round [199/200] | LR: 0.00001 | Tr Loss: 4.7294 | Te Loss: 4.5471 | Te Acc: 2.62% | Best: 17.12%
Round [200/200] | LR: 0.00001 | Tr Loss: 4.6884 | Te Loss: 4.5461 | Te Acc: 2.67% | Best: 17.12%
Files already downloaded and verified
Files already downloaded and verified
Using cache found in /home/xi/.cache/torch/hub/facebookresearch_dino_main

>> Running: Nc=5, J=4
Round [001/200] | LR: 0.01000 | Tr Loss: 6.6491 | Te Loss: 8.0359 | Te Acc: 2.15% | Best: 2.15%
Round [002/200] | LR: 0.01000 | Tr Loss: 8.3242 | Te Loss: 7.9228 | Te Acc: 2.87% | Best: 2.87%
Round [003/200] | LR: 0.01000 | Tr Loss: 8.2096 | Te Loss: 8.0742 | Te Acc: 3.53% | Best: 3.53%
Round [004/200] | LR: 0.01000 | Tr Loss: 9.5332 | Te Loss: 8.9357 | Te Acc: 4.15% | Best: 4.15%
Round [005/200] | LR: 0.01000 | Tr Loss: 9.1705 | Te Loss: 7.8438 | Te Acc: 6.42% | Best: 6.42%
Round [006/200] | LR: 0.01000 | Tr Loss: 9.5901 | Te Loss: 7.7952 | Te Acc: 5.80% | Best: 6.42%
Round [007/200] | LR: 0.01000 | Tr Loss: 7.1616 | Te Loss: 7.8963 | Te Acc: 6.49% | Best: 6.49%
Round [008/200] | LR: 0.01000 | Tr Loss: 8.3447 | Te Loss: 7.2119 | Te Acc: 9.94% | Best: 9.94%
Round [009/200] | LR: 0.01000 | Tr Loss: 7.6266 | Te Loss: 7.2156 | Te Acc: 10.10% | Best: 10.10%
Round [010/200] | LR: 0.01000 | Tr Loss: 6.5021 | Te Loss: 6.9890 | Te Acc: 11.08% | Best: 11.08%
Round [011/200] | LR: 0.01000 | Tr Loss: 8.4042 | Te Loss: 6.7752 | Te Acc: 12.13% | Best: 12.13%
Round [012/200] | LR: 0.01000 | Tr Loss: 10.4578 | Te Loss: 6.5534 | Te Acc: 11.75% | Best: 12.13%
Round [013/200] | LR: 0.01000 | Tr Loss: 7.0814 | Te Loss: 6.5960 | Te Acc: 13.79% | Best: 13.79%
Round [014/200] | LR: 0.01000 | Tr Loss: 8.3061 | Te Loss: 6.0634 | Te Acc: 16.30% | Best: 16.30%
Round [015/200] | LR: 0.01000 | Tr Loss: 7.9528 | Te Loss: 6.3325 | Te Acc: 16.00% | Best: 16.30%
Round [016/200] | LR: 0.01000 | Tr Loss: 7.6124 | Te Loss: 6.1788 | Te Acc: 18.68% | Best: 18.68%
Round [017/200] | LR: 0.01000 | Tr Loss: 8.4905 | Te Loss: 5.9850 | Te Acc: 17.70% | Best: 18.68%
Round [018/200] | LR: 0.01000 | Tr Loss: 6.9051 | Te Loss: 6.0487 | Te Acc: 19.78% | Best: 19.78%
Round [019/200] | LR: 0.01000 | Tr Loss: 6.7588 | Te Loss: 5.6628 | Te Acc: 21.18% | Best: 21.18%
Round [020/200] | LR: 0.01000 | Tr Loss: 7.1912 | Te Loss: 5.9164 | Te Acc: 18.74% | Best: 21.18%
Round [021/200] | LR: 0.01000 | Tr Loss: 7.6491 | Te Loss: 5.6243 | Te Acc: 24.01% | Best: 24.01%
Round [022/200] | LR: 0.01000 | Tr Loss: 5.4205 | Te Loss: 5.7103 | Te Acc: 25.79% | Best: 25.79%
Round [023/200] | LR: 0.01000 | Tr Loss: 6.2189 | Te Loss: 5.5639 | Te Acc: 26.45% | Best: 26.45%
Round [024/200] | LR: 0.01000 | Tr Loss: 5.4991 | Te Loss: 5.7401 | Te Acc: 26.21% | Best: 26.45%
Round [025/200] | LR: 0.01000 | Tr Loss: 5.4139 | Te Loss: 5.4514 | Te Acc: 28.97% | Best: 28.97%
Round [026/200] | LR: 0.01000 | Tr Loss: 6.3641 | Te Loss: 5.3319 | Te Acc: 27.85% | Best: 28.97%
Round [027/200] | LR: 0.01000 | Tr Loss: 5.3606 | Te Loss: 5.6465 | Te Acc: 26.73% | Best: 28.97%
Round [028/200] | LR: 0.01000 | Tr Loss: 5.6058 | Te Loss: 5.3806 | Te Acc: 31.81% | Best: 31.81%
Round [029/200] | LR: 0.01000 | Tr Loss: 8.4079 | Te Loss: 5.1664 | Te Acc: 30.67% | Best: 31.81%
Round [030/200] | LR: 0.01000 | Tr Loss: 6.9010 | Te Loss: 5.1057 | Te Acc: 29.58% | Best: 31.81%
Round [031/200] | LR: 0.01000 | Tr Loss: 5.8597 | Te Loss: 5.1468 | Te Acc: 28.79% | Best: 31.81%
Round [032/200] | LR: 0.01000 | Tr Loss: 6.1546 | Te Loss: 5.0476 | Te Acc: 30.57% | Best: 31.81%
Round [033/200] | LR: 0.01000 | Tr Loss: 3.9920 | Te Loss: 5.0463 | Te Acc: 31.46% | Best: 31.81%
Round [034/200] | LR: 0.01000 | Tr Loss: 4.9215 | Te Loss: 4.8245 | Te Acc: 31.25% | Best: 31.81%
Round [035/200] | LR: 0.01000 | Tr Loss: 4.0278 | Te Loss: 4.5864 | Te Acc: 33.77% | Best: 33.77%
Round [036/200] | LR: 0.01000 | Tr Loss: 5.4149 | Te Loss: 4.3674 | Te Acc: 33.74% | Best: 33.77%
Round [037/200] | LR: 0.01000 | Tr Loss: 4.7542 | Te Loss: 4.5900 | Te Acc: 31.38% | Best: 33.77%
Round [038/200] | LR: 0.01000 | Tr Loss: 4.2685 | Te Loss: 4.1482 | Te Acc: 35.92% | Best: 35.92%
Round [039/200] | LR: 0.01000 | Tr Loss: 3.7741 | Te Loss: 4.0511 | Te Acc: 35.92% | Best: 35.92%
Round [040/200] | LR: 0.01000 | Tr Loss: 4.7987 | Te Loss: 3.9606 | Te Acc: 35.74% | Best: 35.92%
Round [041/200] | LR: 0.01000 | Tr Loss: 4.9113 | Te Loss: 4.0015 | Te Acc: 36.41% | Best: 36.41%
Round [042/200] | LR: 0.01000 | Tr Loss: 3.9610 | Te Loss: 3.8492 | Te Acc: 37.00% | Best: 37.00%
Round [043/200] | LR: 0.01000 | Tr Loss: 2.6897 | Te Loss: 3.8865 | Te Acc: 37.09% | Best: 37.09%
Round [044/200] | LR: 0.01000 | Tr Loss: 2.6409 | Te Loss: 3.9073 | Te Acc: 36.99% | Best: 37.09%
Round [045/200] | LR: 0.01000 | Tr Loss: 3.4167 | Te Loss: 3.7848 | Te Acc: 40.13% | Best: 40.13%
Round [046/200] | LR: 0.01000 | Tr Loss: 3.4469 | Te Loss: 3.9202 | Te Acc: 38.10% | Best: 40.13%
Round [047/200] | LR: 0.01000 | Tr Loss: 3.8366 | Te Loss: 3.6087 | Te Acc: 40.02% | Best: 40.13%
Round [048/200] | LR: 0.01000 | Tr Loss: 3.0969 | Te Loss: 3.7812 | Te Acc: 38.99% | Best: 40.13%
Round [049/200] | LR: 0.01000 | Tr Loss: 3.4934 | Te Loss: 3.6928 | Te Acc: 39.47% | Best: 40.13%
Round [050/200] | LR: 0.01000 | Tr Loss: 3.0796 | Te Loss: 3.9225 | Te Acc: 36.42% | Best: 40.13%

>>> Round 51: Unfreezing the backbone for fine-tuning! <<<
Round [051/200] | LR: 0.00100 | Tr Loss: 7.6638 | Te Loss: 8.5225 | Te Acc: 1.02% | Best: 40.13%
Round [052/200] | LR: 0.00100 | Tr Loss: 7.0688 | Te Loss: 8.4944 | Te Acc: 1.00% | Best: 40.13%
Round [053/200] | LR: 0.00100 | Tr Loss: 5.5699 | Te Loss: 6.9871 | Te Acc: 2.35% | Best: 40.13%
Round [054/200] | LR: 0.00100 | Tr Loss: 4.7353 | Te Loss: 6.5656 | Te Acc: 1.24% | Best: 40.13%
Round [055/200] | LR: 0.00100 | Tr Loss: 4.2678 | Te Loss: 5.8541 | Te Acc: 1.80% | Best: 40.13%
Round [056/200] | LR: 0.00100 | Tr Loss: 3.5416 | Te Loss: 6.0193 | Te Acc: 1.00% | Best: 40.13%
Round [057/200] | LR: 0.00100 | Tr Loss: 3.6947 | Te Loss: 6.0259 | Te Acc: 1.64% | Best: 40.13%
Round [058/200] | LR: 0.00100 | Tr Loss: 3.6971 | Te Loss: 5.8008 | Te Acc: 1.51% | Best: 40.13%
Round [059/200] | LR: 0.00100 | Tr Loss: 3.5580 | Te Loss: 5.6337 | Te Acc: 1.10% | Best: 40.13%
Round [060/200] | LR: 0.00100 | Tr Loss: 3.5133 | Te Loss: 5.5651 | Te Acc: 1.23% | Best: 40.13%
Round [061/200] | LR: 0.00100 | Tr Loss: 3.5511 | Te Loss: 5.2098 | Te Acc: 1.38% | Best: 40.13%
Round [062/200] | LR: 0.00100 | Tr Loss: 3.0489 | Te Loss: 6.3254 | Te Acc: 1.00% | Best: 40.13%
Round [063/200] | LR: 0.00100 | Tr Loss: 3.5722 | Te Loss: 5.4974 | Te Acc: 2.28% | Best: 40.13%
Round [064/200] | LR: 0.00100 | Tr Loss: 3.3180 | Te Loss: 5.3504 | Te Acc: 1.30% | Best: 40.13%
Round [065/200] | LR: 0.00100 | Tr Loss: 3.2556 | Te Loss: 5.3361 | Te Acc: 1.64% | Best: 40.13%
Round [066/200] | LR: 0.00100 | Tr Loss: 3.5848 | Te Loss: 5.1360 | Te Acc: 1.87% | Best: 40.13%
Round [067/200] | LR: 0.00100 | Tr Loss: 3.3010 | Te Loss: 4.9406 | Te Acc: 2.41% | Best: 40.13%
Round [068/200] | LR: 0.00100 | Tr Loss: 3.0439 | Te Loss: 4.9632 | Te Acc: 1.73% | Best: 40.13%
Round [069/200] | LR: 0.00100 | Tr Loss: 3.1239 | Te Loss: 5.0660 | Te Acc: 2.66% | Best: 40.13%
Round [070/200] | LR: 0.00100 | Tr Loss: 2.9111 | Te Loss: 5.0633 | Te Acc: 2.36% | Best: 40.13%
Round [071/200] | LR: 0.00100 | Tr Loss: 3.1771 | Te Loss: 4.8550 | Te Acc: 2.13% | Best: 40.13%
Round [072/200] | LR: 0.00100 | Tr Loss: 3.0898 | Te Loss: 4.8951 | Te Acc: 2.68% | Best: 40.13%
Round [073/200] | LR: 0.00100 | Tr Loss: 3.0633 | Te Loss: 5.1720 | Te Acc: 1.61% | Best: 40.13%
Round [074/200] | LR: 0.00100 | Tr Loss: 3.0571 | Te Loss: 5.0999 | Te Acc: 1.97% | Best: 40.13%
Round [075/200] | LR: 0.00100 | Tr Loss: 2.9954 | Te Loss: 4.9015 | Te Acc: 2.37% | Best: 40.13%
Round [076/200] | LR: 0.00100 | Tr Loss: 3.0997 | Te Loss: 4.9404 | Te Acc: 2.30% | Best: 40.13%
Round [077/200] | LR: 0.00100 | Tr Loss: 3.0294 | Te Loss: 4.9449 | Te Acc: 2.75% | Best: 40.13%
Round [078/200] | LR: 0.00100 | Tr Loss: 2.9107 | Te Loss: 4.9723 | Te Acc: 1.71% | Best: 40.13%
Round [079/200] | LR: 0.00100 | Tr Loss: 3.0868 | Te Loss: 4.6470 | Te Acc: 4.02% | Best: 40.13%
Round [080/200] | LR: 0.00100 | Tr Loss: 2.8699 | Te Loss: 4.6620 | Te Acc: 3.65% | Best: 40.13%
Round [081/200] | LR: 0.00100 | Tr Loss: 2.9524 | Te Loss: 4.7098 | Te Acc: 2.29% | Best: 40.13%
Round [082/200] | LR: 0.00100 | Tr Loss: 2.9461 | Te Loss: 4.8143 | Te Acc: 3.05% | Best: 40.13%
Round [083/200] | LR: 0.00100 | Tr Loss: 2.7738 | Te Loss: 4.8021 | Te Acc: 3.48% | Best: 40.13%
Round [084/200] | LR: 0.00100 | Tr Loss: 3.0044 | Te Loss: 4.8041 | Te Acc: 3.38% | Best: 40.13%
Round [085/200] | LR: 0.00100 | Tr Loss: 2.9144 | Te Loss: 4.8909 | Te Acc: 2.66% | Best: 40.13%
Round [086/200] | LR: 0.00100 | Tr Loss: 2.9191 | Te Loss: 4.8453 | Te Acc: 2.92% | Best: 40.13%
Round [087/200] | LR: 0.00100 | Tr Loss: 2.8156 | Te Loss: 4.8056 | Te Acc: 3.31% | Best: 40.13%
Round [088/200] | LR: 0.00100 | Tr Loss: 2.9185 | Te Loss: 4.8913 | Te Acc: 2.37% | Best: 40.13%
Round [089/200] | LR: 0.00100 | Tr Loss: 2.7992 | Te Loss: 4.6726 | Te Acc: 4.22% | Best: 40.13%
Round [090/200] | LR: 0.00100 | Tr Loss: 2.7990 | Te Loss: 4.8209 | Te Acc: 2.80% | Best: 40.13%
Round [091/200] | LR: 0.00100 | Tr Loss: 2.8064 | Te Loss: 4.9294 | Te Acc: 3.18% | Best: 40.13%
Round [092/200] | LR: 0.00100 | Tr Loss: 3.0688 | Te Loss: 4.7740 | Te Acc: 3.38% | Best: 40.13%
Round [093/200] | LR: 0.00100 | Tr Loss: 2.8922 | Te Loss: 4.8183 | Te Acc: 2.87% | Best: 40.13%
Round [094/200] | LR: 0.00100 | Tr Loss: 2.9738 | Te Loss: 4.8936 | Te Acc: 2.96% | Best: 40.13%
Round [095/200] | LR: 0.00100 | Tr Loss: 2.9966 | Te Loss: 4.6775 | Te Acc: 2.60% | Best: 40.13%
Round [096/200] | LR: 0.00100 | Tr Loss: 2.7103 | Te Loss: 4.6369 | Te Acc: 3.32% | Best: 40.13%
Round [097/200] | LR: 0.00100 | Tr Loss: 2.8203 | Te Loss: 4.6080 | Te Acc: 3.04% | Best: 40.13%
Round [098/200] | LR: 0.00100 | Tr Loss: 2.6893 | Te Loss: 4.8036 | Te Acc: 3.49% | Best: 40.13%
Round [099/200] | LR: 0.00100 | Tr Loss: 2.6417 | Te Loss: 4.9237 | Te Acc: 3.40% | Best: 40.13%
Round [100/200] | LR: 0.00100 | Tr Loss: 2.7907 | Te Loss: 4.9294 | Te Acc: 3.07% | Best: 40.13%
Round [101/200] | LR: 0.00100 | Tr Loss: 2.9131 | Te Loss: 4.6728 | Te Acc: 3.93% | Best: 40.13%
Round [102/200] | LR: 0.00100 | Tr Loss: 2.7557 | Te Loss: 4.6139 | Te Acc: 4.29% | Best: 40.13%
Round [103/200] | LR: 0.00100 | Tr Loss: 2.7941 | Te Loss: 4.5429 | Te Acc: 3.48% | Best: 40.13%
Round [104/200] | LR: 0.00100 | Tr Loss: 2.6463 | Te Loss: 4.8772 | Te Acc: 3.19% | Best: 40.13%
Round [105/200] | LR: 0.00100 | Tr Loss: 2.8757 | Te Loss: 4.8429 | Te Acc: 3.35% | Best: 40.13%
Round [106/200] | LR: 0.00100 | Tr Loss: 2.7914 | Te Loss: 4.6351 | Te Acc: 5.53% | Best: 40.13%
Round [107/200] | LR: 0.00100 | Tr Loss: 2.8906 | Te Loss: 4.5769 | Te Acc: 4.31% | Best: 40.13%
Round [108/200] | LR: 0.00100 | Tr Loss: 2.6384 | Te Loss: 4.6444 | Te Acc: 4.00% | Best: 40.13%
Round [109/200] | LR: 0.00100 | Tr Loss: 2.6327 | Te Loss: 4.6603 | Te Acc: 3.94% | Best: 40.13%
Round [110/200] | LR: 0.00100 | Tr Loss: 2.8549 | Te Loss: 4.6320 | Te Acc: 3.16% | Best: 40.13%
Round [111/200] | LR: 0.00100 | Tr Loss: 2.8316 | Te Loss: 4.5973 | Te Acc: 4.51% | Best: 40.13%
Round [112/200] | LR: 0.00100 | Tr Loss: 2.6468 | Te Loss: 4.5752 | Te Acc: 4.38% | Best: 40.13%
Round [113/200] | LR: 0.00100 | Tr Loss: 2.5004 | Te Loss: 4.5026 | Te Acc: 4.46% | Best: 40.13%
Round [114/200] | LR: 0.00100 | Tr Loss: 2.6144 | Te Loss: 4.4312 | Te Acc: 5.07% | Best: 40.13%
Round [115/200] | LR: 0.00100 | Tr Loss: 2.5133 | Te Loss: 4.4889 | Te Acc: 5.03% | Best: 40.13%
Round [116/200] | LR: 0.00100 | Tr Loss: 2.4695 | Te Loss: 4.7662 | Te Acc: 4.16% | Best: 40.13%
Round [117/200] | LR: 0.00100 | Tr Loss: 2.7385 | Te Loss: 4.5092 | Te Acc: 4.36% | Best: 40.13%
Round [118/200] | LR: 0.00100 | Tr Loss: 2.5131 | Te Loss: 4.8982 | Te Acc: 3.55% | Best: 40.13%
Round [119/200] | LR: 0.00100 | Tr Loss: 2.9969 | Te Loss: 4.5763 | Te Acc: 4.80% | Best: 40.13%
Round [120/200] | LR: 0.00100 | Tr Loss: 2.7264 | Te Loss: 4.6354 | Te Acc: 5.54% | Best: 40.13%
Round [121/200] | LR: 0.00010 | Tr Loss: 4.2134 | Te Loss: 4.4385 | Te Acc: 6.29% | Best: 40.13%
Round [122/200] | LR: 0.00010 | Tr Loss: 3.9322 | Te Loss: 4.3664 | Te Acc: 6.69% | Best: 40.13%
Round [123/200] | LR: 0.00010 | Tr Loss: 3.7991 | Te Loss: 4.3279 | Te Acc: 6.97% | Best: 40.13%
Round [124/200] | LR: 0.00010 | Tr Loss: 3.7319 | Te Loss: 4.2963 | Te Acc: 7.68% | Best: 40.13%
Round [125/200] | LR: 0.00010 | Tr Loss: 3.6372 | Te Loss: 4.3034 | Te Acc: 7.24% | Best: 40.13%
Round [126/200] | LR: 0.00010 | Tr Loss: 3.6334 | Te Loss: 4.2848 | Te Acc: 7.82% | Best: 40.13%
Round [127/200] | LR: 0.00010 | Tr Loss: 3.7536 | Te Loss: 4.2727 | Te Acc: 7.69% | Best: 40.13%
Round [128/200] | LR: 0.00010 | Tr Loss: 3.9294 | Te Loss: 4.2480 | Te Acc: 7.33% | Best: 40.13%
Round [129/200] | LR: 0.00010 | Tr Loss: 3.6549 | Te Loss: 4.2372 | Te Acc: 7.28% | Best: 40.13%
Round [130/200] | LR: 0.00010 | Tr Loss: 3.8186 | Te Loss: 4.2167 | Te Acc: 7.88% | Best: 40.13%
Round [131/200] | LR: 0.00010 | Tr Loss: 3.8246 | Te Loss: 4.2172 | Te Acc: 7.52% | Best: 40.13%
Round [132/200] | LR: 0.00010 | Tr Loss: 3.6629 | Te Loss: 4.2061 | Te Acc: 7.33% | Best: 40.13%
Round [133/200] | LR: 0.00010 | Tr Loss: 3.6148 | Te Loss: 4.1935 | Te Acc: 7.88% | Best: 40.13%
Round [134/200] | LR: 0.00010 | Tr Loss: 3.7749 | Te Loss: 4.1840 | Te Acc: 8.31% | Best: 40.13%
Round [135/200] | LR: 0.00010 | Tr Loss: 3.6954 | Te Loss: 4.1762 | Te Acc: 8.28% | Best: 40.13%
Round [136/200] | LR: 0.00010 | Tr Loss: 3.6116 | Te Loss: 4.1722 | Te Acc: 8.27% | Best: 40.13%
Round [137/200] | LR: 0.00010 | Tr Loss: 3.7812 | Te Loss: 4.1647 | Te Acc: 8.43% | Best: 40.13%
Round [138/200] | LR: 0.00010 | Tr Loss: 3.7363 | Te Loss: 4.1603 | Te Acc: 8.73% | Best: 40.13%
Round [139/200] | LR: 0.00010 | Tr Loss: 3.6373 | Te Loss: 4.1687 | Te Acc: 8.59% | Best: 40.13%
Round [140/200] | LR: 0.00010 | Tr Loss: 3.7469 | Te Loss: 4.1696 | Te Acc: 8.09% | Best: 40.13%
Round [141/200] | LR: 0.00010 | Tr Loss: 3.6150 | Te Loss: 4.1681 | Te Acc: 8.09% | Best: 40.13%
Round [142/200] | LR: 0.00010 | Tr Loss: 3.6526 | Te Loss: 4.1657 | Te Acc: 8.64% | Best: 40.13%
Round [143/200] | LR: 0.00010 | Tr Loss: 3.8147 | Te Loss: 4.1509 | Te Acc: 9.06% | Best: 40.13%
Round [144/200] | LR: 0.00010 | Tr Loss: 3.7701 | Te Loss: 4.1442 | Te Acc: 8.71% | Best: 40.13%
Round [145/200] | LR: 0.00010 | Tr Loss: 3.5715 | Te Loss: 4.1489 | Te Acc: 8.74% | Best: 40.13%
Round [146/200] | LR: 0.00010 | Tr Loss: 3.6680 | Te Loss: 4.1465 | Te Acc: 9.21% | Best: 40.13%
Round [147/200] | LR: 0.00010 | Tr Loss: 3.8168 | Te Loss: 4.1225 | Te Acc: 9.22% | Best: 40.13%
Round [148/200] | LR: 0.00010 | Tr Loss: 3.5605 | Te Loss: 4.1299 | Te Acc: 8.99% | Best: 40.13%
Round [149/200] | LR: 0.00010 | Tr Loss: 3.5898 | Te Loss: 4.1424 | Te Acc: 8.37% | Best: 40.13%
Round [150/200] | LR: 0.00010 | Tr Loss: 3.6951 | Te Loss: 4.1464 | Te Acc: 8.15% | Best: 40.13%
Round [151/200] | LR: 0.00010 | Tr Loss: 3.6411 | Te Loss: 4.1443 | Te Acc: 8.37% | Best: 40.13%
Round [152/200] | LR: 0.00010 | Tr Loss: 3.5588 | Te Loss: 4.1599 | Te Acc: 7.83% | Best: 40.13%
Round [153/200] | LR: 0.00010 | Tr Loss: 3.7409 | Te Loss: 4.1471 | Te Acc: 8.16% | Best: 40.13%
Round [154/200] | LR: 0.00010 | Tr Loss: 3.6081 | Te Loss: 4.1426 | Te Acc: 8.34% | Best: 40.13%
Round [155/200] | LR: 0.00010 | Tr Loss: 3.5262 | Te Loss: 4.1387 | Te Acc: 8.29% | Best: 40.13%
Round [156/200] | LR: 0.00010 | Tr Loss: 3.5099 | Te Loss: 4.1418 | Te Acc: 8.68% | Best: 40.13%
Round [157/200] | LR: 0.00010 | Tr Loss: 3.5047 | Te Loss: 4.1425 | Te Acc: 8.48% | Best: 40.13%
Round [158/200] | LR: 0.00010 | Tr Loss: 3.5273 | Te Loss: 4.1393 | Te Acc: 8.41% | Best: 40.13%
Round [159/200] | LR: 0.00010 | Tr Loss: 3.5767 | Te Loss: 4.1304 | Te Acc: 8.25% | Best: 40.13%
Round [160/200] | LR: 0.00010 | Tr Loss: 3.4466 | Te Loss: 4.1301 | Te Acc: 8.32% | Best: 40.13%
Round [161/200] | LR: 0.00001 | Tr Loss: 4.1000 | Te Loss: 4.1283 | Te Acc: 8.47% | Best: 40.13%
Round [162/200] | LR: 0.00001 | Tr Loss: 4.0878 | Te Loss: 4.1265 | Te Acc: 8.50% | Best: 40.13%
Round [163/200] | LR: 0.00001 | Tr Loss: 3.7499 | Te Loss: 4.1266 | Te Acc: 8.48% | Best: 40.13%
Round [164/200] | LR: 0.00001 | Tr Loss: 4.0847 | Te Loss: 4.1243 | Te Acc: 8.51% | Best: 40.13%
Round [165/200] | LR: 0.00001 | Tr Loss: 4.0586 | Te Loss: 4.1220 | Te Acc: 8.60% | Best: 40.13%
Round [166/200] | LR: 0.00001 | Tr Loss: 3.9475 | Te Loss: 4.1208 | Te Acc: 8.63% | Best: 40.13%
Round [167/200] | LR: 0.00001 | Tr Loss: 4.0014 | Te Loss: 4.1200 | Te Acc: 8.71% | Best: 40.13%
Round [168/200] | LR: 0.00001 | Tr Loss: 3.9546 | Te Loss: 4.1193 | Te Acc: 8.62% | Best: 40.13%
Round [169/200] | LR: 0.00001 | Tr Loss: 4.0455 | Te Loss: 4.1179 | Te Acc: 8.58% | Best: 40.13%
Round [170/200] | LR: 0.00001 | Tr Loss: 4.1734 | Te Loss: 4.1158 | Te Acc: 8.65% | Best: 40.13%
Round [171/200] | LR: 0.00001 | Tr Loss: 4.1296 | Te Loss: 4.1144 | Te Acc: 8.73% | Best: 40.13%
Round [172/200] | LR: 0.00001 | Tr Loss: 3.9655 | Te Loss: 4.1139 | Te Acc: 8.74% | Best: 40.13%
Round [173/200] | LR: 0.00001 | Tr Loss: 4.1560 | Te Loss: 4.1121 | Te Acc: 8.83% | Best: 40.13%
Round [174/200] | LR: 0.00001 | Tr Loss: 4.0997 | Te Loss: 4.1100 | Te Acc: 8.88% | Best: 40.13%
Round [175/200] | LR: 0.00001 | Tr Loss: 3.8554 | Te Loss: 4.1096 | Te Acc: 8.87% | Best: 40.13%
Round [176/200] | LR: 0.00001 | Tr Loss: 4.1809 | Te Loss: 4.1073 | Te Acc: 8.97% | Best: 40.13%
Round [177/200] | LR: 0.00001 | Tr Loss: 4.0160 | Te Loss: 4.1066 | Te Acc: 8.98% | Best: 40.13%
Round [178/200] | LR: 0.00001 | Tr Loss: 4.0603 | Te Loss: 4.1056 | Te Acc: 8.98% | Best: 40.13%
Round [179/200] | LR: 0.00001 | Tr Loss: 4.0927 | Te Loss: 4.1046 | Te Acc: 9.04% | Best: 40.13%
Round [180/200] | LR: 0.00001 | Tr Loss: 4.0099 | Te Loss: 4.1036 | Te Acc: 9.11% | Best: 40.13%
Round [181/200] | LR: 0.00001 | Tr Loss: 4.0226 | Te Loss: 4.1021 | Te Acc: 9.17% | Best: 40.13%
Round [182/200] | LR: 0.00001 | Tr Loss: 4.0493 | Te Loss: 4.1015 | Te Acc: 9.04% | Best: 40.13%
Round [183/200] | LR: 0.00001 | Tr Loss: 4.0591 | Te Loss: 4.1000 | Te Acc: 9.23% | Best: 40.13%
Round [184/200] | LR: 0.00001 | Tr Loss: 4.0173 | Te Loss: 4.0994 | Te Acc: 9.32% | Best: 40.13%
Round [185/200] | LR: 0.00001 | Tr Loss: 4.1031 | Te Loss: 4.0985 | Te Acc: 9.31% | Best: 40.13%
Round [186/200] | LR: 0.00001 | Tr Loss: 4.1424 | Te Loss: 4.0972 | Te Acc: 9.30% | Best: 40.13%
Round [187/200] | LR: 0.00001 | Tr Loss: 3.9236 | Te Loss: 4.0970 | Te Acc: 9.27% | Best: 40.13%
Round [188/200] | LR: 0.00001 | Tr Loss: 3.9403 | Te Loss: 4.0972 | Te Acc: 9.37% | Best: 40.13%
Round [189/200] | LR: 0.00001 | Tr Loss: 4.0185 | Te Loss: 4.0958 | Te Acc: 9.30% | Best: 40.13%
Round [190/200] | LR: 0.00001 | Tr Loss: 3.8871 | Te Loss: 4.0969 | Te Acc: 9.29% | Best: 40.13%
Round [191/200] | LR: 0.00001 | Tr Loss: 3.9489 | Te Loss: 4.0964 | Te Acc: 9.34% | Best: 40.13%
Round [192/200] | LR: 0.00001 | Tr Loss: 3.9661 | Te Loss: 4.0962 | Te Acc: 9.38% | Best: 40.13%
Round [193/200] | LR: 0.00001 | Tr Loss: 3.9225 | Te Loss: 4.0964 | Te Acc: 9.23% | Best: 40.13%
Round [194/200] | LR: 0.00001 | Tr Loss: 3.9904 | Te Loss: 4.0963 | Te Acc: 9.25% | Best: 40.13%
Round [195/200] | LR: 0.00001 | Tr Loss: 3.9945 | Te Loss: 4.0965 | Te Acc: 9.26% | Best: 40.13%
Round [196/200] | LR: 0.00001 | Tr Loss: 3.9280 | Te Loss: 4.0963 | Te Acc: 9.25% | Best: 40.13%
Round [197/200] | LR: 0.00001 | Tr Loss: 4.0104 | Te Loss: 4.0954 | Te Acc: 9.32% | Best: 40.13%
Round [198/200] | LR: 0.00001 | Tr Loss: 3.9686 | Te Loss: 4.0944 | Te Acc: 9.42% | Best: 40.13%
Round [199/200] | LR: 0.00001 | Tr Loss: 3.9931 | Te Loss: 4.0937 | Te Acc: 9.33% | Best: 40.13%
Round [200/200] | LR: 0.00001 | Tr Loss: 4.0299 | Te Loss: 4.0929 | Te Acc: 9.41% | Best: 40.13%
Files already downloaded and verified
Files already downloaded and verified
Using cache found in /home/xi/.cache/torch/hub/facebookresearch_dino_main

>> Running: Nc=10, J=4
Round [001/200] | LR: 0.01000 | Tr Loss: 6.9653 | Te Loss: 7.4344 | Te Acc: 3.01% | Best: 3.01%
Round [002/200] | LR: 0.01000 | Tr Loss: 6.1179 | Te Loss: 7.2688 | Te Acc: 2.88% | Best: 3.01%
Round [003/200] | LR: 0.01000 | Tr Loss: 6.2030 | Te Loss: 6.4139 | Te Acc: 5.05% | Best: 5.05%
Round [004/200] | LR: 0.01000 | Tr Loss: 5.6071 | Te Loss: 6.6719 | Te Acc: 5.54% | Best: 5.54%
Round [005/200] | LR: 0.01000 | Tr Loss: 5.9929 | Te Loss: 6.3039 | Te Acc: 7.50% | Best: 7.50%
Round [006/200] | LR: 0.01000 | Tr Loss: 5.7734 | Te Loss: 6.0256 | Te Acc: 7.99% | Best: 7.99%
Round [007/200] | LR: 0.01000 | Tr Loss: 5.7874 | Te Loss: 5.6536 | Te Acc: 9.56% | Best: 9.56%
Round [008/200] | LR: 0.01000 | Tr Loss: 5.1058 | Te Loss: 5.9029 | Te Acc: 11.44% | Best: 11.44%
Round [009/200] | LR: 0.01000 | Tr Loss: 5.4855 | Te Loss: 5.6851 | Te Acc: 13.10% | Best: 13.10%
Round [010/200] | LR: 0.01000 | Tr Loss: 6.2364 | Te Loss: 5.5258 | Te Acc: 14.73% | Best: 14.73%
Round [011/200] | LR: 0.01000 | Tr Loss: 6.2445 | Te Loss: 5.2274 | Te Acc: 16.28% | Best: 16.28%
Round [012/200] | LR: 0.01000 | Tr Loss: 7.0314 | Te Loss: 4.8236 | Te Acc: 18.45% | Best: 18.45%
Round [013/200] | LR: 0.01000 | Tr Loss: 4.7543 | Te Loss: 4.7318 | Te Acc: 18.52% | Best: 18.52%
Round [014/200] | LR: 0.01000 | Tr Loss: 4.3420 | Te Loss: 4.3375 | Te Acc: 22.56% | Best: 22.56%
Round [015/200] | LR: 0.01000 | Tr Loss: 4.4669 | Te Loss: 4.4368 | Te Acc: 21.74% | Best: 22.56%
Round [016/200] | LR: 0.01000 | Tr Loss: 4.5683 | Te Loss: 4.3665 | Te Acc: 23.81% | Best: 23.81%
Round [017/200] | LR: 0.01000 | Tr Loss: 4.4187 | Te Loss: 4.4484 | Te Acc: 23.39% | Best: 23.81%
Round [018/200] | LR: 0.01000 | Tr Loss: 4.1224 | Te Loss: 4.3345 | Te Acc: 24.27% | Best: 24.27%
Round [019/200] | LR: 0.01000 | Tr Loss: 3.9671 | Te Loss: 4.1994 | Te Acc: 25.09% | Best: 25.09%
Round [020/200] | LR: 0.01000 | Tr Loss: 4.2837 | Te Loss: 3.9686 | Te Acc: 26.85% | Best: 26.85%
Round [021/200] | LR: 0.01000 | Tr Loss: 3.7705 | Te Loss: 3.9846 | Te Acc: 27.10% | Best: 27.10%
Round [022/200] | LR: 0.01000 | Tr Loss: 3.5420 | Te Loss: 3.7824 | Te Acc: 29.08% | Best: 29.08%
Round [023/200] | LR: 0.01000 | Tr Loss: 3.3813 | Te Loss: 3.7620 | Te Acc: 29.47% | Best: 29.47%
Round [024/200] | LR: 0.01000 | Tr Loss: 3.4592 | Te Loss: 3.8935 | Te Acc: 28.70% | Best: 29.47%
Round [025/200] | LR: 0.01000 | Tr Loss: 3.0457 | Te Loss: 3.7216 | Te Acc: 31.33% | Best: 31.33%
Round [026/200] | LR: 0.01000 | Tr Loss: 2.8483 | Te Loss: 3.7390 | Te Acc: 31.91% | Best: 31.91%
Round [027/200] | LR: 0.01000 | Tr Loss: 3.1694 | Te Loss: 3.6940 | Te Acc: 32.93% | Best: 32.93%
Round [028/200] | LR: 0.01000 | Tr Loss: 2.8956 | Te Loss: 3.6729 | Te Acc: 32.70% | Best: 32.93%
Round [029/200] | LR: 0.01000 | Tr Loss: 3.1081 | Te Loss: 3.5460 | Te Acc: 35.52% | Best: 35.52%
Round [030/200] | LR: 0.01000 | Tr Loss: 2.5792 | Te Loss: 3.7921 | Te Acc: 31.26% | Best: 35.52%
Round [031/200] | LR: 0.01000 | Tr Loss: 3.3976 | Te Loss: 3.5701 | Te Acc: 35.64% | Best: 35.64%
Round [032/200] | LR: 0.01000 | Tr Loss: 2.6837 | Te Loss: 3.5991 | Te Acc: 36.15% | Best: 36.15%
Round [033/200] | LR: 0.01000 | Tr Loss: 3.2104 | Te Loss: 3.3508 | Te Acc: 39.05% | Best: 39.05%
Round [034/200] | LR: 0.01000 | Tr Loss: 2.8476 | Te Loss: 3.2482 | Te Acc: 38.62% | Best: 39.05%
Round [035/200] | LR: 0.01000 | Tr Loss: 2.7909 | Te Loss: 3.2696 | Te Acc: 38.02% | Best: 39.05%
Round [036/200] | LR: 0.01000 | Tr Loss: 2.4529 | Te Loss: 3.1355 | Te Acc: 39.92% | Best: 39.92%
Round [037/200] | LR: 0.01000 | Tr Loss: 2.4027 | Te Loss: 3.1502 | Te Acc: 40.37% | Best: 40.37%
Round [038/200] | LR: 0.01000 | Tr Loss: 2.5149 | Te Loss: 3.2490 | Te Acc: 39.33% | Best: 40.37%
Round [039/200] | LR: 0.01000 | Tr Loss: 1.9684 | Te Loss: 3.1742 | Te Acc: 39.97% | Best: 40.37%
Round [040/200] | LR: 0.01000 | Tr Loss: 2.4587 | Te Loss: 3.1522 | Te Acc: 40.27% | Best: 40.37%
Round [041/200] | LR: 0.01000 | Tr Loss: 2.1413 | Te Loss: 3.0669 | Te Acc: 41.37% | Best: 41.37%
Round [042/200] | LR: 0.01000 | Tr Loss: 2.1576 | Te Loss: 3.2416 | Te Acc: 39.71% | Best: 41.37%
Round [043/200] | LR: 0.01000 | Tr Loss: 2.2206 | Te Loss: 3.2473 | Te Acc: 41.42% | Best: 41.42%
Round [044/200] | LR: 0.01000 | Tr Loss: 2.1654 | Te Loss: 3.1735 | Te Acc: 41.50% | Best: 41.50%
Round [045/200] | LR: 0.01000 | Tr Loss: 2.2566 | Te Loss: 2.9938 | Te Acc: 43.85% | Best: 43.85%
Round [046/200] | LR: 0.01000 | Tr Loss: 1.8250 | Te Loss: 2.9235 | Te Acc: 44.85% | Best: 44.85%
Round [047/200] | LR: 0.01000 | Tr Loss: 2.2357 | Te Loss: 3.0108 | Te Acc: 44.39% | Best: 44.85%
Round [048/200] | LR: 0.01000 | Tr Loss: 2.3924 | Te Loss: 3.1425 | Te Acc: 42.72% | Best: 44.85%
Round [049/200] | LR: 0.01000 | Tr Loss: 1.6721 | Te Loss: 3.0661 | Te Acc: 44.20% | Best: 44.85%
Round [050/200] | LR: 0.01000 | Tr Loss: 2.1466 | Te Loss: 3.2459 | Te Acc: 43.18% | Best: 44.85%

>>> Round 51: Unfreezing the backbone for fine-tuning! <<<
Round [051/200] | LR: 0.00100 | Tr Loss: 6.7165 | Te Loss: 7.9461 | Te Acc: 1.72% | Best: 44.85%
Round [052/200] | LR: 0.00100 | Tr Loss: 7.0584 | Te Loss: 7.9976 | Te Acc: 1.14% | Best: 44.85%
Round [053/200] | LR: 0.00100 | Tr Loss: 5.2533 | Te Loss: 5.9640 | Te Acc: 1.55% | Best: 44.85%
Round [054/200] | LR: 0.00100 | Tr Loss: 4.1991 | Te Loss: 5.4935 | Te Acc: 2.38% | Best: 44.85%
Round [055/200] | LR: 0.00100 | Tr Loss: 3.9147 | Te Loss: 5.2753 | Te Acc: 1.72% | Best: 44.85%
Round [056/200] | LR: 0.00100 | Tr Loss: 3.7870 | Te Loss: 5.0089 | Te Acc: 2.36% | Best: 44.85%
Round [057/200] | LR: 0.00100 | Tr Loss: 3.8122 | Te Loss: 4.9678 | Te Acc: 2.15% | Best: 44.85%
Round [058/200] | LR: 0.00100 | Tr Loss: 3.5562 | Te Loss: 5.0019 | Te Acc: 1.73% | Best: 44.85%
Round [059/200] | LR: 0.00100 | Tr Loss: 3.6099 | Te Loss: 4.8509 | Te Acc: 2.38% | Best: 44.85%
Round [060/200] | LR: 0.00100 | Tr Loss: 3.4426 | Te Loss: 4.8589 | Te Acc: 2.59% | Best: 44.85%
Round [061/200] | LR: 0.00100 | Tr Loss: 3.5853 | Te Loss: 4.8769 | Te Acc: 2.12% | Best: 44.85%
Round [062/200] | LR: 0.00100 | Tr Loss: 3.5308 | Te Loss: 4.7906 | Te Acc: 2.59% | Best: 44.85%
Round [063/200] | LR: 0.00100 | Tr Loss: 3.5602 | Te Loss: 4.8194 | Te Acc: 2.41% | Best: 44.85%
Round [064/200] | LR: 0.00100 | Tr Loss: 3.3234 | Te Loss: 4.8384 | Te Acc: 2.97% | Best: 44.85%
Round [065/200] | LR: 0.00100 | Tr Loss: 3.4186 | Te Loss: 4.7310 | Te Acc: 3.74% | Best: 44.85%
Round [066/200] | LR: 0.00100 | Tr Loss: 3.5372 | Te Loss: 4.6351 | Te Acc: 3.58% | Best: 44.85%
Round [067/200] | LR: 0.00100 | Tr Loss: 3.4602 | Te Loss: 4.7461 | Te Acc: 3.14% | Best: 44.85%
Round [068/200] | LR: 0.00100 | Tr Loss: 3.3529 | Te Loss: 4.6648 | Te Acc: 3.78% | Best: 44.85%
Round [069/200] | LR: 0.00100 | Tr Loss: 3.3736 | Te Loss: 4.5320 | Te Acc: 4.22% | Best: 44.85%
Round [070/200] | LR: 0.00100 | Tr Loss: 3.1676 | Te Loss: 4.6708 | Te Acc: 3.80% | Best: 44.85%
Round [071/200] | LR: 0.00100 | Tr Loss: 3.3058 | Te Loss: 4.7188 | Te Acc: 3.34% | Best: 44.85%
Round [072/200] | LR: 0.00100 | Tr Loss: 3.4273 | Te Loss: 4.5700 | Te Acc: 4.60% | Best: 44.85%
Round [073/200] | LR: 0.00100 | Tr Loss: 3.3271 | Te Loss: 4.5463 | Te Acc: 4.13% | Best: 44.85%
Round [074/200] | LR: 0.00100 | Tr Loss: 3.3545 | Te Loss: 4.5622 | Te Acc: 3.69% | Best: 44.85%
Round [075/200] | LR: 0.00100 | Tr Loss: 3.3159 | Te Loss: 4.6215 | Te Acc: 3.87% | Best: 44.85%
Round [076/200] | LR: 0.00100 | Tr Loss: 3.2398 | Te Loss: 4.6435 | Te Acc: 3.93% | Best: 44.85%
Round [077/200] | LR: 0.00100 | Tr Loss: 3.3126 | Te Loss: 4.4958 | Te Acc: 4.59% | Best: 44.85%
Round [078/200] | LR: 0.00100 | Tr Loss: 3.2072 | Te Loss: 4.4369 | Te Acc: 5.08% | Best: 44.85%
Round [079/200] | LR: 0.00100 | Tr Loss: 3.1273 | Te Loss: 4.6245 | Te Acc: 4.23% | Best: 44.85%
Round [080/200] | LR: 0.00100 | Tr Loss: 3.1885 | Te Loss: 4.6284 | Te Acc: 3.72% | Best: 44.85%
Round [081/200] | LR: 0.00100 | Tr Loss: 3.2660 | Te Loss: 4.6273 | Te Acc: 4.28% | Best: 44.85%
Round [082/200] | LR: 0.00100 | Tr Loss: 3.1617 | Te Loss: 4.5559 | Te Acc: 3.80% | Best: 44.85%
Round [083/200] | LR: 0.00100 | Tr Loss: 3.3212 | Te Loss: 4.4307 | Te Acc: 5.73% | Best: 44.85%
Round [084/200] | LR: 0.00100 | Tr Loss: 3.0894 | Te Loss: 4.4994 | Te Acc: 3.88% | Best: 44.85%
Round [085/200] | LR: 0.00100 | Tr Loss: 3.2004 | Te Loss: 4.4020 | Te Acc: 4.52% | Best: 44.85%
Round [086/200] | LR: 0.00100 | Tr Loss: 3.1798 | Te Loss: 4.4141 | Te Acc: 4.93% | Best: 44.85%
Round [087/200] | LR: 0.00100 | Tr Loss: 3.2111 | Te Loss: 4.4708 | Te Acc: 5.11% | Best: 44.85%
Round [088/200] | LR: 0.00100 | Tr Loss: 3.1450 | Te Loss: 4.4221 | Te Acc: 5.50% | Best: 44.85%
Round [089/200] | LR: 0.00100 | Tr Loss: 3.0727 | Te Loss: 4.3999 | Te Acc: 6.63% | Best: 44.85%
Round [090/200] | LR: 0.00100 | Tr Loss: 2.9474 | Te Loss: 4.4010 | Te Acc: 6.58% | Best: 44.85%
Round [091/200] | LR: 0.00100 | Tr Loss: 3.0660 | Te Loss: 4.4220 | Te Acc: 5.04% | Best: 44.85%
Round [092/200] | LR: 0.00100 | Tr Loss: 3.1127 | Te Loss: 4.3504 | Te Acc: 5.77% | Best: 44.85%
Round [093/200] | LR: 0.00100 | Tr Loss: 3.0830 | Te Loss: 4.4476 | Te Acc: 4.61% | Best: 44.85%
Round [094/200] | LR: 0.00100 | Tr Loss: 3.0341 | Te Loss: 4.4462 | Te Acc: 5.98% | Best: 44.85%
Round [095/200] | LR: 0.00100 | Tr Loss: 3.0445 | Te Loss: 4.3940 | Te Acc: 6.23% | Best: 44.85%
Round [096/200] | LR: 0.00100 | Tr Loss: 2.9835 | Te Loss: 4.3431 | Te Acc: 5.33% | Best: 44.85%
Round [097/200] | LR: 0.00100 | Tr Loss: 3.0149 | Te Loss: 4.3197 | Te Acc: 7.34% | Best: 44.85%
Round [098/200] | LR: 0.00100 | Tr Loss: 2.9011 | Te Loss: 4.4163 | Te Acc: 5.73% | Best: 44.85%
Round [099/200] | LR: 0.00100 | Tr Loss: 2.9775 | Te Loss: 4.2873 | Te Acc: 7.50% | Best: 44.85%
Round [100/200] | LR: 0.00100 | Tr Loss: 2.9418 | Te Loss: 4.5795 | Te Acc: 5.87% | Best: 44.85%
Round [101/200] | LR: 0.00100 | Tr Loss: 2.9043 | Te Loss: 4.3098 | Te Acc: 7.64% | Best: 44.85%
Round [102/200] | LR: 0.00100 | Tr Loss: 2.7630 | Te Loss: 4.3870 | Te Acc: 7.12% | Best: 44.85%
Round [103/200] | LR: 0.00100 | Tr Loss: 2.6933 | Te Loss: 4.4313 | Te Acc: 7.90% | Best: 44.85%
Round [104/200] | LR: 0.00100 | Tr Loss: 2.8852 | Te Loss: 4.3942 | Te Acc: 6.56% | Best: 44.85%
Round [105/200] | LR: 0.00100 | Tr Loss: 2.7527 | Te Loss: 4.3652 | Te Acc: 8.50% | Best: 44.85%
Round [106/200] | LR: 0.00100 | Tr Loss: 2.8514 | Te Loss: 4.3576 | Te Acc: 6.63% | Best: 44.85%
Round [107/200] | LR: 0.00100 | Tr Loss: 2.7745 | Te Loss: 4.2769 | Te Acc: 8.83% | Best: 44.85%
Round [108/200] | LR: 0.00100 | Tr Loss: 2.7311 | Te Loss: 4.1437 | Te Acc: 10.26% | Best: 44.85%
Round [109/200] | LR: 0.00100 | Tr Loss: 2.5740 | Te Loss: 4.3552 | Te Acc: 9.28% | Best: 44.85%
Round [110/200] | LR: 0.00100 | Tr Loss: 2.6450 | Te Loss: 4.1757 | Te Acc: 9.68% | Best: 44.85%
Round [111/200] | LR: 0.00100 | Tr Loss: 2.6177 | Te Loss: 3.9408 | Te Acc: 14.81% | Best: 44.85%
Round [112/200] | LR: 0.00100 | Tr Loss: 2.3830 | Te Loss: 3.8745 | Te Acc: 17.08% | Best: 44.85%
Round [113/200] | LR: 0.00100 | Tr Loss: 2.4861 | Te Loss: 3.9785 | Te Acc: 13.65% | Best: 44.85%
Round [114/200] | LR: 0.00100 | Tr Loss: 2.3865 | Te Loss: 3.6782 | Te Acc: 19.04% | Best: 44.85%
Round [115/200] | LR: 0.00100 | Tr Loss: 2.1068 | Te Loss: 3.6461 | Te Acc: 20.65% | Best: 44.85%
Round [116/200] | LR: 0.00100 | Tr Loss: 2.0077 | Te Loss: 3.4328 | Te Acc: 24.73% | Best: 44.85%
Round [117/200] | LR: 0.00100 | Tr Loss: 1.8227 | Te Loss: 3.1281 | Te Acc: 31.31% | Best: 44.85%
Round [118/200] | LR: 0.00100 | Tr Loss: 1.6568 | Te Loss: 3.4275 | Te Acc: 25.89% | Best: 44.85%
Round [119/200] | LR: 0.00100 | Tr Loss: 1.8864 | Te Loss: 3.5322 | Te Acc: 27.10% | Best: 44.85%
Round [120/200] | LR: 0.00100 | Tr Loss: 2.0458 | Te Loss: 3.3909 | Te Acc: 25.49% | Best: 44.85%
Round [121/200] | LR: 0.00010 | Tr Loss: 2.2972 | Te Loss: 2.7798 | Te Acc: 39.57% | Best: 44.85%
Round [122/200] | LR: 0.00010 | Tr Loss: 2.0978 | Te Loss: 2.5996 | Te Acc: 45.03% | Best: 45.03%
Round [123/200] | LR: 0.00010 | Tr Loss: 1.7298 | Te Loss: 2.5253 | Te Acc: 47.29% | Best: 47.29%
Round [124/200] | LR: 0.00010 | Tr Loss: 1.7781 | Te Loss: 2.4637 | Te Acc: 49.54% | Best: 49.54%
Round [125/200] | LR: 0.00010 | Tr Loss: 1.7921 | Te Loss: 2.4072 | Te Acc: 51.31% | Best: 51.31%
Round [126/200] | LR: 0.00010 | Tr Loss: 1.5851 | Te Loss: 2.3646 | Te Acc: 52.71% | Best: 52.71%
Round [127/200] | LR: 0.00010 | Tr Loss: 1.6436 | Te Loss: 2.3278 | Te Acc: 53.73% | Best: 53.73%
Round [128/200] | LR: 0.00010 | Tr Loss: 1.6015 | Te Loss: 2.3258 | Te Acc: 54.00% | Best: 54.00%
Round [129/200] | LR: 0.00010 | Tr Loss: 1.4302 | Te Loss: 2.3345 | Te Acc: 54.39% | Best: 54.39%
Round [130/200] | LR: 0.00010 | Tr Loss: 1.4540 | Te Loss: 2.3011 | Te Acc: 55.05% | Best: 55.05%
Round [131/200] | LR: 0.00010 | Tr Loss: 1.4343 | Te Loss: 2.2763 | Te Acc: 55.79% | Best: 55.79%
Round [132/200] | LR: 0.00010 | Tr Loss: 1.3994 | Te Loss: 2.2743 | Te Acc: 55.80% | Best: 55.80%
Round [133/200] | LR: 0.00010 | Tr Loss: 1.2831 | Te Loss: 2.2675 | Te Acc: 56.50% | Best: 56.50%
Round [134/200] | LR: 0.00010 | Tr Loss: 1.2950 | Te Loss: 2.2768 | Te Acc: 56.36% | Best: 56.50%
Round [135/200] | LR: 0.00010 | Tr Loss: 1.4019 | Te Loss: 2.2588 | Te Acc: 56.91% | Best: 56.91%
Round [136/200] | LR: 0.00010 | Tr Loss: 1.3415 | Te Loss: 2.2544 | Te Acc: 56.96% | Best: 56.96%
Round [137/200] | LR: 0.00010 | Tr Loss: 1.3307 | Te Loss: 2.2423 | Te Acc: 57.48% | Best: 57.48%
Round [138/200] | LR: 0.00010 | Tr Loss: 1.2613 | Te Loss: 2.2271 | Te Acc: 58.20% | Best: 58.20%
Round [139/200] | LR: 0.00010 | Tr Loss: 1.3049 | Te Loss: 2.2225 | Te Acc: 59.10% | Best: 59.10%
Round [140/200] | LR: 0.00010 | Tr Loss: 1.2776 | Te Loss: 2.2391 | Te Acc: 58.44% | Best: 59.10%
Round [141/200] | LR: 0.00010 | Tr Loss: 1.2011 | Te Loss: 2.2223 | Te Acc: 58.87% | Best: 59.10%
Round [142/200] | LR: 0.00010 | Tr Loss: 1.1640 | Te Loss: 2.2301 | Te Acc: 58.95% | Best: 59.10%
Round [143/200] | LR: 0.00010 | Tr Loss: 1.2219 | Te Loss: 2.2103 | Te Acc: 59.80% | Best: 59.80%
Round [144/200] | LR: 0.00010 | Tr Loss: 1.2031 | Te Loss: 2.2234 | Te Acc: 59.47% | Best: 59.80%
Round [145/200] | LR: 0.00010 | Tr Loss: 1.2714 | Te Loss: 2.2216 | Te Acc: 59.99% | Best: 59.99%
Round [146/200] | LR: 0.00010 | Tr Loss: 1.1310 | Te Loss: 2.2223 | Te Acc: 59.62% | Best: 59.99%
Round [147/200] | LR: 0.00010 | Tr Loss: 1.1217 | Te Loss: 2.2313 | Te Acc: 59.70% | Best: 59.99%
Round [148/200] | LR: 0.00010 | Tr Loss: 1.2160 | Te Loss: 2.2016 | Te Acc: 60.27% | Best: 60.27%
Round [149/200] | LR: 0.00010 | Tr Loss: 1.1908 | Te Loss: 2.1764 | Te Acc: 60.96% | Best: 60.96%
Round [150/200] | LR: 0.00010 | Tr Loss: 1.1703 | Te Loss: 2.1961 | Te Acc: 60.83% | Best: 60.96%
Round [151/200] | LR: 0.00010 | Tr Loss: 1.0894 | Te Loss: 2.2011 | Te Acc: 60.91% | Best: 60.96%
Round [152/200] | LR: 0.00010 | Tr Loss: 1.1494 | Te Loss: 2.1894 | Te Acc: 61.29% | Best: 61.29%
Round [153/200] | LR: 0.00010 | Tr Loss: 1.0723 | Te Loss: 2.2033 | Te Acc: 60.97% | Best: 61.29%
Round [154/200] | LR: 0.00010 | Tr Loss: 1.0785 | Te Loss: 2.1987 | Te Acc: 61.70% | Best: 61.70%
Round [155/200] | LR: 0.00010 | Tr Loss: 1.1305 | Te Loss: 2.1904 | Te Acc: 61.23% | Best: 61.70%
Round [156/200] | LR: 0.00010 | Tr Loss: 1.1377 | Te Loss: 2.1910 | Te Acc: 61.57% | Best: 61.70%
Round [157/200] | LR: 0.00010 | Tr Loss: 1.1051 | Te Loss: 2.1789 | Te Acc: 62.35% | Best: 62.35%
Round [158/200] | LR: 0.00010 | Tr Loss: 1.0755 | Te Loss: 2.1873 | Te Acc: 62.17% | Best: 62.35%
Round [159/200] | LR: 0.00010 | Tr Loss: 1.0362 | Te Loss: 2.1801 | Te Acc: 62.32% | Best: 62.35%
Round [160/200] | LR: 0.00010 | Tr Loss: 1.0963 | Te Loss: 2.1710 | Te Acc: 62.97% | Best: 62.97%
Round [161/200] | LR: 0.00001 | Tr Loss: 1.2775 | Te Loss: 2.1706 | Te Acc: 62.93% | Best: 62.97%
Round [162/200] | LR: 0.00001 | Tr Loss: 1.2724 | Te Loss: 2.1675 | Te Acc: 62.92% | Best: 62.97%
Round [163/200] | LR: 0.00001 | Tr Loss: 1.2886 | Te Loss: 2.1664 | Te Acc: 62.92% | Best: 62.97%
Round [164/200] | LR: 0.00001 | Tr Loss: 1.3897 | Te Loss: 2.1658 | Te Acc: 62.90% | Best: 62.97%
Round [165/200] | LR: 0.00001 | Tr Loss: 1.3171 | Te Loss: 2.1637 | Te Acc: 62.92% | Best: 62.97%
Round [166/200] | LR: 0.00001 | Tr Loss: 1.2639 | Te Loss: 2.1611 | Te Acc: 62.86% | Best: 62.97%
Round [167/200] | LR: 0.00001 | Tr Loss: 1.2304 | Te Loss: 2.1590 | Te Acc: 62.92% | Best: 62.97%
Round [168/200] | LR: 0.00001 | Tr Loss: 1.2755 | Te Loss: 2.1595 | Te Acc: 62.95% | Best: 62.97%
Round [169/200] | LR: 0.00001 | Tr Loss: 1.3129 | Te Loss: 2.1581 | Te Acc: 62.91% | Best: 62.97%
Round [170/200] | LR: 0.00001 | Tr Loss: 1.2769 | Te Loss: 2.1566 | Te Acc: 62.96% | Best: 62.97%
Round [171/200] | LR: 0.00001 | Tr Loss: 1.2593 | Te Loss: 2.1566 | Te Acc: 62.98% | Best: 62.98%
Round [172/200] | LR: 0.00001 | Tr Loss: 1.3853 | Te Loss: 2.1523 | Te Acc: 62.94% | Best: 62.98%
Round [173/200] | LR: 0.00001 | Tr Loss: 1.2788 | Te Loss: 2.1542 | Te Acc: 62.88% | Best: 62.98%
Round [174/200] | LR: 0.00001 | Tr Loss: 1.2963 | Te Loss: 2.1527 | Te Acc: 63.04% | Best: 63.04%
Round [175/200] | LR: 0.00001 | Tr Loss: 1.2614 | Te Loss: 2.1517 | Te Acc: 63.12% | Best: 63.12%
Round [176/200] | LR: 0.00001 | Tr Loss: 1.2468 | Te Loss: 2.1515 | Te Acc: 62.99% | Best: 63.12%
Round [177/200] | LR: 0.00001 | Tr Loss: 1.2059 | Te Loss: 2.1517 | Te Acc: 63.02% | Best: 63.12%
Round [178/200] | LR: 0.00001 | Tr Loss: 1.2652 | Te Loss: 2.1518 | Te Acc: 62.98% | Best: 63.12%
Round [179/200] | LR: 0.00001 | Tr Loss: 1.2282 | Te Loss: 2.1542 | Te Acc: 62.95% | Best: 63.12%
Round [180/200] | LR: 0.00001 | Tr Loss: 1.2287 | Te Loss: 2.1534 | Te Acc: 63.09% | Best: 63.12%
Round [181/200] | LR: 0.00001 | Tr Loss: 1.2795 | Te Loss: 2.1525 | Te Acc: 63.12% | Best: 63.12%
Round [182/200] | LR: 0.00001 | Tr Loss: 1.1742 | Te Loss: 2.1524 | Te Acc: 63.32% | Best: 63.32%
Round [183/200] | LR: 0.00001 | Tr Loss: 1.2471 | Te Loss: 2.1526 | Te Acc: 63.31% | Best: 63.32%
Round [184/200] | LR: 0.00001 | Tr Loss: 1.2526 | Te Loss: 2.1534 | Te Acc: 63.30% | Best: 63.32%
Round [185/200] | LR: 0.00001 | Tr Loss: 1.3387 | Te Loss: 2.1513 | Te Acc: 63.39% | Best: 63.39%
Round [186/200] | LR: 0.00001 | Tr Loss: 1.3414 | Te Loss: 2.1479 | Te Acc: 63.45% | Best: 63.45%
Round [187/200] | LR: 0.00001 | Tr Loss: 1.1945 | Te Loss: 2.1493 | Te Acc: 63.45% | Best: 63.45%
Round [188/200] | LR: 0.00001 | Tr Loss: 1.2519 | Te Loss: 2.1512 | Te Acc: 63.55% | Best: 63.55%
Round [189/200] | LR: 0.00001 | Tr Loss: 1.3398 | Te Loss: 2.1492 | Te Acc: 63.41% | Best: 63.55%
Round [190/200] | LR: 0.00001 | Tr Loss: 1.2561 | Te Loss: 2.1492 | Te Acc: 63.47% | Best: 63.55%
Round [191/200] | LR: 0.00001 | Tr Loss: 1.2927 | Te Loss: 2.1494 | Te Acc: 63.63% | Best: 63.63%
Round [192/200] | LR: 0.00001 | Tr Loss: 1.2739 | Te Loss: 2.1491 | Te Acc: 63.62% | Best: 63.63%
Round [193/200] | LR: 0.00001 | Tr Loss: 1.2767 | Te Loss: 2.1502 | Te Acc: 63.52% | Best: 63.63%
Round [194/200] | LR: 0.00001 | Tr Loss: 1.3036 | Te Loss: 2.1483 | Te Acc: 63.48% | Best: 63.63%
Round [195/200] | LR: 0.00001 | Tr Loss: 1.2688 | Te Loss: 2.1481 | Te Acc: 63.49% | Best: 63.63%
Round [196/200] | LR: 0.00001 | Tr Loss: 1.2097 | Te Loss: 2.1468 | Te Acc: 63.38% | Best: 63.63%
Round [197/200] | LR: 0.00001 | Tr Loss: 1.2793 | Te Loss: 2.1475 | Te Acc: 63.34% | Best: 63.63%
Round [198/200] | LR: 0.00001 | Tr Loss: 1.2201 | Te Loss: 2.1460 | Te Acc: 63.42% | Best: 63.63%
Round [199/200] | LR: 0.00001 | Tr Loss: 1.3074 | Te Loss: 2.1458 | Te Acc: 63.31% | Best: 63.63%
Round [200/200] | LR: 0.00001 | Tr Loss: 1.2528 | Te Loss: 2.1446 | Te Acc: 63.53% | Best: 63.63%
