Using cache found in /home/xi/.cache/torch/hub/facebookresearch_dino_main
/home/xi/miniconda3/envs/torch_env/lib/python3.10/site-packages/torch/cuda/__init__.py:716: UserWarning: Can't initialize NVML
  warnings.warn("Can't initialize NVML")
Using Device:cuda
seed:42
Files already downloaded and verified
Files already downloaded and verified
Files already downloaded and verified
trainingset: 45000
validationset: 5000
testset: 10000
Starting centralized training for 30 epochs...
Hyperparameters: LR=0.0001, Batch=128, WD=0.0005
Epoch [1/30] | Train Loss: 8.1674, Train Acc: 1.25% | Val Loss: 7.8901, Val Acc: 1.08% | LR: 0.000000
Saved new best model with validation accuracy: 1.08%
Epoch [2/30] | Train Loss: 6.7669, Train Acc: 1.71% | Val Loss: 5.7295, Val Acc: 2.54% | LR: 0.000020
Saved new best model with validation accuracy: 2.54%
Epoch [3/30] | Train Loss: 5.3046, Train Acc: 5.17% | Val Loss: 4.3071, Val Acc: 10.42% | LR: 0.000040
Saved new best model with validation accuracy: 10.42%
Epoch [4/30] | Train Loss: 3.9545, Train Acc: 15.95% | Val Loss: 3.0880, Val Acc: 26.38% | LR: 0.000060
Saved new best model with validation accuracy: 26.38%
Epoch [5/30] | Train Loss: 2.9623, Train Acc: 29.96% | Val Loss: 2.3304, Val Acc: 40.62% | LR: 0.000080
Saved new best model with validation accuracy: 40.62%
Epoch [6/30] | Train Loss: 2.3484, Train Acc: 40.49% | Val Loss: 1.8995, Val Acc: 48.46% | LR: 0.000100
Saved new best model with validation accuracy: 48.46%
Epoch [7/30] | Train Loss: 1.9933, Train Acc: 47.75% | Val Loss: 1.6638, Val Acc: 53.82% | LR: 0.000100
Saved new best model with validation accuracy: 53.82%
Epoch [8/30] | Train Loss: 1.7870, Train Acc: 52.18% | Val Loss: 1.5206, Val Acc: 57.22% | LR: 0.000098
Saved new best model with validation accuracy: 57.22%
Epoch [9/30] | Train Loss: 1.6493, Train Acc: 55.38% | Val Loss: 1.4203, Val Acc: 59.56% | LR: 0.000096
Saved new best model with validation accuracy: 59.56%
Epoch [10/30] | Train Loss: 1.5472, Train Acc: 57.63% | Val Loss: 1.3446, Val Acc: 61.42% | LR: 0.000094
Saved new best model with validation accuracy: 61.42%
Epoch [11/30] | Train Loss: 1.4700, Train Acc: 59.41% | Val Loss: 1.2936, Val Acc: 62.60% | LR: 0.000090
Saved new best model with validation accuracy: 62.60%
Epoch [12/30] | Train Loss: 1.4055, Train Acc: 60.91% | Val Loss: 1.2452, Val Acc: 63.92% | LR: 0.000086
Saved new best model with validation accuracy: 63.92%
Epoch [13/30] | Train Loss: 1.3524, Train Acc: 62.11% | Val Loss: 1.2084, Val Acc: 64.82% | LR: 0.000082
Saved new best model with validation accuracy: 64.82%
Epoch [14/30] | Train Loss: 1.3130, Train Acc: 63.05% | Val Loss: 1.1825, Val Acc: 65.64% | LR: 0.000077
Saved new best model with validation accuracy: 65.64%
Epoch [15/30] | Train Loss: 1.2782, Train Acc: 64.05% | Val Loss: 1.1570, Val Acc: 66.12% | LR: 0.000071
Saved new best model with validation accuracy: 66.12%
Epoch [16/30] | Train Loss: 1.2473, Train Acc: 64.84% | Val Loss: 1.1405, Val Acc: 66.32% | LR: 0.000065
Saved new best model with validation accuracy: 66.32%
Epoch [17/30] | Train Loss: 1.2275, Train Acc: 65.13% | Val Loss: 1.1222, Val Acc: 67.02% | LR: 0.000059
Saved new best model with validation accuracy: 67.02%
Epoch [18/30] | Train Loss: 1.2088, Train Acc: 65.82% | Val Loss: 1.1096, Val Acc: 67.20% | LR: 0.000053
Saved new best model with validation accuracy: 67.20%
Epoch [19/30] | Train Loss: 1.1880, Train Acc: 66.04% | Val Loss: 1.0987, Val Acc: 67.64% | LR: 0.000047
Saved new best model with validation accuracy: 67.64%
Epoch [20/30] | Train Loss: 1.1739, Train Acc: 66.53% | Val Loss: 1.0891, Val Acc: 68.02% | LR: 0.000041
Saved new best model with validation accuracy: 68.02%
>>> Epoch 20: Unfreezing the backbone for fine-tuning...
Epoch [21/30] | Train Loss: 0.8267, Train Acc: 75.33% | Val Loss: 0.7028, Val Acc: 77.46% | LR: 0.000010
Saved new best model with validation accuracy: 77.46%
Epoch [22/30] | Train Loss: 0.6878, Train Acc: 79.04% | Val Loss: 0.6169, Val Acc: 80.42% | LR: 0.000029
Saved new best model with validation accuracy: 80.42%
Epoch [23/30] | Train Loss: 0.5199, Train Acc: 83.59% | Val Loss: 0.5691, Val Acc: 82.40% | LR: 0.000023
Saved new best model with validation accuracy: 82.40%
Epoch [24/30] | Train Loss: 0.4172, Train Acc: 86.87% | Val Loss: 0.5409, Val Acc: 83.14% | LR: 0.000018
Saved new best model with validation accuracy: 83.14%
Epoch [25/30] | Train Loss: 0.3496, Train Acc: 88.80% | Val Loss: 0.5340, Val Acc: 83.64% | LR: 0.000014
Saved new best model with validation accuracy: 83.64%
Epoch [26/30] | Train Loss: 0.2982, Train Acc: 90.47% | Val Loss: 0.5220, Val Acc: 83.58% | LR: 0.000010
Epoch [27/30] | Train Loss: 0.2674, Train Acc: 91.36% | Val Loss: 0.5176, Val Acc: 84.08% | LR: 0.000006
Saved new best model with validation accuracy: 84.08%
Epoch [28/30] | Train Loss: 0.2444, Train Acc: 92.35% | Val Loss: 0.5174, Val Acc: 84.34% | LR: 0.000004
Saved new best model with validation accuracy: 84.34%
Epoch [29/30] | Train Loss: 0.2295, Train Acc: 92.92% | Val Loss: 0.5162, Val Acc: 84.40% | LR: 0.000002
Saved new best model with validation accuracy: 84.40%
Epoch [30/30] | Train Loss: 0.2230, Train Acc: 93.17% | Val Loss: 0.5161, Val Acc: 84.58% | LR: 0.000000
Saved new best model with validation accuracy: 84.58%
Test Accuracy: 84.42%

train_history 'training_history.json'
best_centralized_model'best_centralized_model.pth'
