Using device: cuda
Files already downloaded and verified
Files already downloaded and verified
Files already downloaded and verified
IID partiton of 100 clients

Using cache found in /home/xi/.cache/torch/hub/facebookresearch_dino_main
/home/xi/miniconda3/envs/torch_env/lib/python3.10/site-packages/torch/cuda/__init__.py:716: UserWarning: Can't initialize NVML
  warnings.warn("Can't initialize NVML")
FedAvg Setup: N=100, C=0.1, J=4, LR=0.01
Round [  1/200] - LR: 0.01, Loss: 8.3014, Acc: 2.87%
Round [  2/200] - LR: 0.01, Loss: 7.0185, Acc: 6.10%
Round [  3/200] - LR: 0.01, Loss: 5.7580, Acc: 11.89%
Round [  4/200] - LR: 0.01, Loss: 5.1200, Acc: 16.35%
Round [  5/200] - LR: 0.01, Loss: 4.4338, Acc: 23.54%
Round [  6/200] - LR: 0.01, Loss: 4.0500, Acc: 27.04%
Round [  7/200] - LR: 0.01, Loss: 3.9334, Acc: 31.57%
Round [  8/200] - LR: 0.01, Loss: 3.6022, Acc: 34.42%
Round [  9/200] - LR: 0.01, Loss: 3.3415, Acc: 38.34%
Round [ 10/200] - LR: 0.01, Loss: 3.2523, Acc: 39.83%
Round [ 11/200] - LR: 0.01, Loss: 2.9942, Acc: 41.98%
Round [ 12/200] - LR: 0.01, Loss: 2.9388, Acc: 43.11%
Round [ 13/200] - LR: 0.01, Loss: 2.6867, Acc: 45.97%
Round [ 14/200] - LR: 0.01, Loss: 2.7981, Acc: 47.08%
Round [ 15/200] - LR: 0.01, Loss: 2.6324, Acc: 48.98%
Round [ 16/200] - LR: 0.01, Loss: 2.4154, Acc: 49.59%
Round [ 17/200] - LR: 0.01, Loss: 2.4146, Acc: 50.77%
Round [ 18/200] - LR: 0.01, Loss: 2.4128, Acc: 51.07%
Round [ 19/200] - LR: 0.01, Loss: 2.3937, Acc: 51.75%
Round [ 20/200] - LR: 0.01, Loss: 2.2865, Acc: 52.46%
Round [ 21/200] - LR: 0.01, Loss: 2.1896, Acc: 53.51%
Round [ 22/200] - LR: 0.01, Loss: 2.2990, Acc: 53.96%
Round [ 23/200] - LR: 0.01, Loss: 2.1714, Acc: 54.79%
Round [ 24/200] - LR: 0.01, Loss: 2.2218, Acc: 55.49%
Round [ 25/200] - LR: 0.01, Loss: 2.1082, Acc: 55.77%
Round [ 26/200] - LR: 0.01, Loss: 2.0009, Acc: 57.00%
Round [ 27/200] - LR: 0.01, Loss: 2.0621, Acc: 56.07%
Round [ 28/200] - LR: 0.01, Loss: 1.9448, Acc: 57.43%
Round [ 29/200] - LR: 0.01, Loss: 1.9031, Acc: 57.51%
Round [ 30/200] - LR: 0.01, Loss: 1.9692, Acc: 58.74%
Round [ 31/200] - LR: 0.01, Loss: 1.7937, Acc: 58.82%
Round [ 32/200] - LR: 0.01, Loss: 1.8845, Acc: 58.83%
Round [ 33/200] - LR: 0.01, Loss: 1.7940, Acc: 57.65%
Round [ 34/200] - LR: 0.01, Loss: 1.9568, Acc: 59.24%
Round [ 35/200] - LR: 0.01, Loss: 1.7953, Acc: 59.72%
Round [ 36/200] - LR: 0.01, Loss: 1.8817, Acc: 61.17%
Round [ 37/200] - LR: 0.01, Loss: 1.7678, Acc: 61.32%
Round [ 38/200] - LR: 0.01, Loss: 1.9139, Acc: 61.03%
Round [ 39/200] - LR: 0.01, Loss: 1.7763, Acc: 61.05%
Round [ 40/200] - LR: 0.01, Loss: 1.7521, Acc: 61.26%
Round [ 41/200] - LR: 0.01, Loss: 1.7765, Acc: 61.48%
Round [ 42/200] - LR: 0.01, Loss: 1.7486, Acc: 61.89%
Round [ 43/200] - LR: 0.01, Loss: 1.8153, Acc: 61.69%
Round [ 44/200] - LR: 0.01, Loss: 1.6125, Acc: 62.76%
Round [ 45/200] - LR: 0.01, Loss: 1.6774, Acc: 62.97%
Round [ 46/200] - LR: 0.01, Loss: 1.6331, Acc: 64.16%
Round [ 47/200] - LR: 0.01, Loss: 1.6057, Acc: 63.76%
Round [ 48/200] - LR: 0.01, Loss: 1.6347, Acc: 63.88%
Round [ 49/200] - LR: 0.01, Loss: 1.5760, Acc: 63.33%
Round [ 50/200] - LR: 0.01, Loss: 1.7310, Acc: 63.23%
Round [ 51/200] - LR: 0.01, Loss: 1.6472, Acc: 63.56%
Round [ 52/200] - LR: 0.01, Loss: 1.6781, Acc: 64.09%
Round [ 53/200] - LR: 0.01, Loss: 1.7736, Acc: 63.46%
Round [ 54/200] - LR: 0.01, Loss: 1.6587, Acc: 63.82%
Round [ 55/200] - LR: 0.01, Loss: 1.6028, Acc: 62.78%
Round [ 56/200] - LR: 0.01, Loss: 1.5033, Acc: 65.49%
Round [ 57/200] - LR: 0.01, Loss: 1.6150, Acc: 64.59%
Round [ 58/200] - LR: 0.01, Loss: 1.4967, Acc: 65.36%
Round [ 59/200] - LR: 0.01, Loss: 1.5827, Acc: 65.38%
Round [ 60/200] - LR: 0.01, Loss: 1.5138, Acc: 65.61%
Round [ 61/200] - LR: 0.01, Loss: 1.5364, Acc: 65.65%
Round [ 62/200] - LR: 0.01, Loss: 1.4352, Acc: 66.57%
Round [ 63/200] - LR: 0.01, Loss: 1.4349, Acc: 65.87%
Round [ 64/200] - LR: 0.01, Loss: 1.4876, Acc: 66.27%
Round [ 65/200] - LR: 0.01, Loss: 1.4267, Acc: 66.07%
Round [ 66/200] - LR: 0.01, Loss: 1.3965, Acc: 64.79%
Round [ 67/200] - LR: 0.01, Loss: 1.4005, Acc: 66.07%
Round [ 68/200] - LR: 0.01, Loss: 1.5511, Acc: 64.98%
Round [ 69/200] - LR: 0.01, Loss: 1.4471, Acc: 66.33%
Round [ 70/200] - LR: 0.01, Loss: 1.4978, Acc: 65.40%
Round [ 71/200] - LR: 0.01, Loss: 1.4683, Acc: 65.91%
Round [ 72/200] - LR: 0.01, Loss: 1.4692, Acc: 67.49%
Round [ 73/200] - LR: 0.01, Loss: 1.3389, Acc: 66.37%
Round [ 74/200] - LR: 0.01, Loss: 1.4196, Acc: 66.56%
Round [ 75/200] - LR: 0.01, Loss: 1.3792, Acc: 67.25%
Round [ 76/200] - LR: 0.01, Loss: 1.3027, Acc: 68.16%
Round [ 77/200] - LR: 0.01, Loss: 1.4939, Acc: 67.17%
Round [ 78/200] - LR: 0.01, Loss: 1.3583, Acc: 67.13%
Round [ 79/200] - LR: 0.01, Loss: 1.4960, Acc: 67.42%
Round [ 80/200] - LR: 0.01, Loss: 1.4385, Acc: 67.95%
Round [ 81/200] - LR: 0.01, Loss: 1.3659, Acc: 66.71%
Round [ 82/200] - LR: 0.01, Loss: 1.4365, Acc: 66.74%
Round [ 83/200] - LR: 0.01, Loss: 1.3935, Acc: 66.77%
Round [ 84/200] - LR: 0.01, Loss: 1.3415, Acc: 67.93%
Round [ 85/200] - LR: 0.01, Loss: 1.4537, Acc: 67.88%
Round [ 86/200] - LR: 0.01, Loss: 1.3437, Acc: 67.42%
Round [ 87/200] - LR: 0.01, Loss: 1.3304, Acc: 67.18%
Round [ 88/200] - LR: 0.01, Loss: 1.4327, Acc: 68.70%
Round [ 89/200] - LR: 0.01, Loss: 1.5054, Acc: 67.41%
Round [ 90/200] - LR: 0.01, Loss: 1.4962, Acc: 67.36%
Round [ 91/200] - LR: 0.01, Loss: 1.3495, Acc: 68.29%
Round [ 92/200] - LR: 0.01, Loss: 1.2620, Acc: 69.08%
Round [ 93/200] - LR: 0.01, Loss: 1.3421, Acc: 68.55%
Round [ 94/200] - LR: 0.01, Loss: 1.3620, Acc: 67.58%
Round [ 95/200] - LR: 0.01, Loss: 1.2271, Acc: 68.75%
Round [ 96/200] - LR: 0.01, Loss: 1.3409, Acc: 67.74%
Round [ 97/200] - LR: 0.01, Loss: 1.4108, Acc: 68.29%
Round [ 98/200] - LR: 0.01, Loss: 1.3400, Acc: 68.66%
Round [ 99/200] - LR: 0.01, Loss: 1.2802, Acc: 68.63%
Round [100/200] - LR: 0.01, Loss: 1.2330, Acc: 68.64%
Round [101/200] - LR: 0.001, Loss: 1.1027, Acc: 69.11%
Round [102/200] - LR: 0.001, Loss: 1.1426, Acc: 70.10%
Round [103/200] - LR: 0.001, Loss: 1.0667, Acc: 70.18%
Round [104/200] - LR: 0.001, Loss: 1.0113, Acc: 70.45%
Round [105/200] - LR: 0.001, Loss: 1.0401, Acc: 70.80%
Round [106/200] - LR: 0.001, Loss: 1.0215, Acc: 70.93%
Round [107/200] - LR: 0.001, Loss: 1.0524, Acc: 70.67%
Round [108/200] - LR: 0.001, Loss: 1.0561, Acc: 70.92%
Round [109/200] - LR: 0.001, Loss: 0.9797, Acc: 70.80%
Round [110/200] - LR: 0.001, Loss: 1.0138, Acc: 70.82%
Round [111/200] - LR: 0.001, Loss: 0.9543, Acc: 70.99%
Round [112/200] - LR: 0.001, Loss: 1.0144, Acc: 70.85%
Round [113/200] - LR: 0.001, Loss: 0.9988, Acc: 71.08%
Round [114/200] - LR: 0.001, Loss: 0.9896, Acc: 71.14%
Round [115/200] - LR: 0.001, Loss: 1.0251, Acc: 70.83%
Round [116/200] - LR: 0.001, Loss: 1.0307, Acc: 71.17%
Round [117/200] - LR: 0.001, Loss: 1.0231, Acc: 71.32%
Round [118/200] - LR: 0.001, Loss: 1.0007, Acc: 71.09%
Round [119/200] - LR: 0.001, Loss: 1.0077, Acc: 71.26%
Round [120/200] - LR: 0.001, Loss: 1.0210, Acc: 71.07%
Round [121/200] - LR: 0.001, Loss: 0.9692, Acc: 70.99%
Round [122/200] - LR: 0.001, Loss: 0.9726, Acc: 71.18%
Round [123/200] - LR: 0.001, Loss: 1.0089, Acc: 71.14%
Round [124/200] - LR: 0.001, Loss: 0.9446, Acc: 70.92%
Round [125/200] - LR: 0.001, Loss: 1.0175, Acc: 71.15%
Round [126/200] - LR: 0.001, Loss: 1.0381, Acc: 71.21%
Round [127/200] - LR: 0.001, Loss: 1.0106, Acc: 70.93%
Round [128/200] - LR: 0.001, Loss: 1.0870, Acc: 71.21%
Round [129/200] - LR: 0.001, Loss: 0.9772, Acc: 71.08%
Round [130/200] - LR: 0.001, Loss: 0.9498, Acc: 71.18%
Round [131/200] - LR: 0.001, Loss: 0.9683, Acc: 71.20%
Round [132/200] - LR: 0.001, Loss: 0.9673, Acc: 71.08%
Round [133/200] - LR: 0.001, Loss: 0.9840, Acc: 71.15%
Round [134/200] - LR: 0.001, Loss: 1.0340, Acc: 70.78%
Round [135/200] - LR: 0.001, Loss: 1.0402, Acc: 71.01%
Round [136/200] - LR: 0.001, Loss: 0.9530, Acc: 71.20%
Round [137/200] - LR: 0.001, Loss: 1.0163, Acc: 70.98%
Round [138/200] - LR: 0.001, Loss: 0.9533, Acc: 71.37%
Round [139/200] - LR: 0.001, Loss: 1.0505, Acc: 71.06%
Round [140/200] - LR: 0.001, Loss: 0.9253, Acc: 71.19%
Round [141/200] - LR: 0.001, Loss: 1.0544, Acc: 70.99%
Round [142/200] - LR: 0.001, Loss: 0.9912, Acc: 70.93%
Round [143/200] - LR: 0.001, Loss: 0.9792, Acc: 70.76%
Round [144/200] - LR: 0.001, Loss: 1.0473, Acc: 71.23%
Round [145/200] - LR: 0.001, Loss: 0.9991, Acc: 70.94%
Round [146/200] - LR: 0.001, Loss: 0.9539, Acc: 71.08%
Round [147/200] - LR: 0.001, Loss: 0.9827, Acc: 71.15%
Round [148/200] - LR: 0.001, Loss: 1.0617, Acc: 71.18%
Round [149/200] - LR: 0.001, Loss: 1.0243, Acc: 71.18%
Round [150/200] - LR: 0.001, Loss: 1.0338, Acc: 70.93%
Round [151/200] - LR: 0.0001, Loss: 1.0558, Acc: 70.97%
Round [152/200] - LR: 0.0001, Loss: 0.9439, Acc: 71.35%
Round [153/200] - LR: 0.0001, Loss: 0.9440, Acc: 70.94%
Round [154/200] - LR: 0.0001, Loss: 1.0039, Acc: 71.38%
Round [155/200] - LR: 0.0001, Loss: 1.0384, Acc: 71.21%
Round [156/200] - LR: 0.0001, Loss: 1.0110, Acc: 71.28%
Round [157/200] - LR: 0.0001, Loss: 0.9971, Acc: 71.08%
Round [158/200] - LR: 0.0001, Loss: 0.9442, Acc: 71.48%
Round [159/200] - LR: 0.0001, Loss: 0.9927, Acc: 71.17%
Round [160/200] - LR: 0.0001, Loss: 1.1008, Acc: 71.21%
Round [161/200] - LR: 0.0001, Loss: 0.9572, Acc: 70.97%
Round [162/200] - LR: 0.0001, Loss: 1.0088, Acc: 71.17%
Round [163/200] - LR: 0.0001, Loss: 1.0408, Acc: 71.47%
Round [164/200] - LR: 0.0001, Loss: 0.9668, Acc: 71.62%
Round [165/200] - LR: 0.0001, Loss: 0.9517, Acc: 71.30%
Round [166/200] - LR: 0.0001, Loss: 1.0034, Acc: 70.73%
Round [167/200] - LR: 0.0001, Loss: 1.0659, Acc: 71.16%
Round [168/200] - LR: 0.0001, Loss: 1.0108, Acc: 71.69%
Round [169/200] - LR: 0.0001, Loss: 1.0321, Acc: 70.76%
Round [170/200] - LR: 0.0001, Loss: 0.9779, Acc: 71.55%
Round [171/200] - LR: 0.0001, Loss: 1.0127, Acc: 71.18%
Round [172/200] - LR: 0.0001, Loss: 0.9905, Acc: 71.32%
Round [173/200] - LR: 0.0001, Loss: 0.9770, Acc: 71.40%
Round [174/200] - LR: 0.0001, Loss: 1.0349, Acc: 71.44%
Round [175/200] - LR: 0.0001, Loss: 0.9146, Acc: 71.30%
Round [176/200] - LR: 0.0001, Loss: 1.0449, Acc: 71.47%
Round [177/200] - LR: 0.0001, Loss: 1.0366, Acc: 71.46%
Round [178/200] - LR: 0.0001, Loss: 1.0237, Acc: 71.13%
Round [179/200] - LR: 0.0001, Loss: 1.0057, Acc: 71.42%
Round [180/200] - LR: 0.0001, Loss: 0.9828, Acc: 71.12%
Round [181/200] - LR: 0.0001, Loss: 0.9819, Acc: 71.52%
Round [182/200] - LR: 0.0001, Loss: 0.9846, Acc: 71.28%
Round [183/200] - LR: 0.0001, Loss: 1.0093, Acc: 71.68%
Round [184/200] - LR: 0.0001, Loss: 0.9908, Acc: 71.48%
Round [185/200] - LR: 0.0001, Loss: 1.0525, Acc: 71.58%
Round [186/200] - LR: 0.0001, Loss: 0.9836, Acc: 70.94%
Round [187/200] - LR: 0.0001, Loss: 0.9556, Acc: 71.27%
Round [188/200] - LR: 0.0001, Loss: 1.0668, Acc: 71.32%
Round [189/200] - LR: 0.0001, Loss: 0.9623, Acc: 71.35%
Round [190/200] - LR: 0.0001, Loss: 0.9650, Acc: 71.14%
Round [191/200] - LR: 0.0001, Loss: 1.0306, Acc: 71.55%
Round [192/200] - LR: 0.0001, Loss: 0.9667, Acc: 71.39%
Round [193/200] - LR: 0.0001, Loss: 1.0259, Acc: 71.09%
Round [194/200] - LR: 0.0001, Loss: 1.1032, Acc: 71.26%
Round [195/200] - LR: 0.0001, Loss: 0.9527, Acc: 71.28%
Round [196/200] - LR: 0.0001, Loss: 1.0066, Acc: 71.53%
Round [197/200] - LR: 0.0001, Loss: 1.0450, Acc: 71.45%
Round [198/200] - LR: 0.0001, Loss: 1.0506, Acc: 71.33%
Round [199/200] - LR: 0.0001, Loss: 1.0342, Acc: 71.34%
Round [200/200] - LR: 0.0001, Loss: 0.9852, Acc: 71.22%
